Breakpoint 1 at 0x400005: file kern/init/init.c, line 16.
Breakpoint 2 at 0x401dbe: file kern/driver/memory.c, line 45.
Function "Settest" not defined.
Make breakpoint pending on future shared library load? (y or [n]) [answered N; input not from terminal]
Function "OpenPageing" not defined.
Make breakpoint pending on future shared library load? (y or [n]) [answered N; input not from terminal]
Breakpoint 3 at 0x40084c: file kern/driver/idt.c, line 88.
Breakpoint 4 at 0x400000: file kern/init/init.c, line 8.
Breakpoint 5 at 0x40084c: file kern/driver/idt.c, line 88.
=> 0xfff0:	add    %al,(%eax)
   0xfff2:	add    %al,(%eax)
   0xfff4:	add    %al,(%eax)
   0xfff6:	add    %al,(%eax)
   0xfff8:	add    %al,(%eax)
Continuing.

Breakpoint 1, kern_init () at kern/init/init.c:16
Continuing.

Breakpoint 4, dowhile () at kern/init/init.c:8
Continuing.

Breakpoint 3, trap_dispatch (tf=0x7b94) at kern/driver/idt.c:88
$1 = (struct proc_struct *) 0x7000
$2 = 1
Breakpoint 1 at 0x400005: file kern/init/init.c, line 16.
Breakpoint 2 at 0x401e91: file kern/driver/memory.c, line 45.
Function "Settest" not defined.
Make breakpoint pending on future shared library load? (y or [n]) [answered N; input not from terminal]
Function "OpenPageing" not defined.
Make breakpoint pending on future shared library load? (y or [n]) [answered N; input not from terminal]
Breakpoint 3 at 0x40084c: file kern/driver/idt.c, line 88.
Breakpoint 4 at 0x400000: file kern/init/init.c, line 8.
Breakpoint 5 at 0x40084c: file kern/driver/idt.c, line 88.
Breakpoint 6 at 0x401c8f: file kern/driver/thread.c, line 198.
=> 0xfff0:	add    %al,(%eax)
   0xfff2:	add    %al,(%eax)
   0xfff4:	add    %al,(%eax)
   0xfff6:	add    %al,(%eax)
   0xfff8:	add    %al,(%eax)
Continuing.

Breakpoint 1, kern_init () at kern/init/init.c:16
Continuing.

Breakpoint 4, dowhile () at kern/init/init.c:8
Continuing.

Breakpoint 3, trap_dispatch (tf=0x7b94) at kern/driver/idt.c:88
$1 = 1
$2 = 4294967295

Breakpoint 6, eos_schedule () at kern/driver/thread.c:198
$3 = (struct proc_struct *) 0x7000
$4 = 0
switch_to () at kern/driver/switch.S:6
A syntax error in expression, near `%eax)'.
   0x7b0c:	push   %esi
   0x7b0d:	sbb    $0x700c0040,%eax
Stack level 0, frame at 0x7b10:
 eip = 0x401e49 in switch_to (kern/driver/switch.S:8); saved eip = 0x401d56
 called by frame at 0x7b50
 source language asm.
 Arglist at 0x7b08, args: 
 Locals at 0x7b08, Previous frame's sp is 0x7b10
 Saved registers:
  eip at 0x7b0c
switch_to () at kern/driver/switch.S:10
switch_to () at kern/driver/switch.S:29
0x0000e05b in ?? ()
Cannot find bounds of current function
Cannot find bounds of current function
Cannot find bounds of current function
Cannot find bounds of current function
Cannot find bounds of current function
Breakpoint 1 at 0x400005: file kern/init/init.c, line 16.
Breakpoint 2 at 0x401e91: file kern/driver/memory.c, line 45.
Function "Settest" not defined.
Make breakpoint pending on future shared library load? (y or [n]) [answered N; input not from terminal]
Function "OpenPageing" not defined.
Make breakpoint pending on future shared library load? (y or [n]) [answered N; input not from terminal]
Breakpoint 3 at 0x40084c: file kern/driver/idt.c, line 88.
Breakpoint 4 at 0x401b78: file kern/driver/thread.c, line 171.
Breakpoint 5 at 0x400000: file kern/init/init.c, line 8.
Breakpoint 6 at 0x40084c: file kern/driver/idt.c, line 88.
Breakpoint 7 at 0x401c8f: file kern/driver/thread.c, line 198.
=> 0xfff0:	add    %al,(%eax)
   0xfff2:	add    %al,(%eax)
   0xfff4:	add    %al,(%eax)
   0xfff6:	add    %al,(%eax)
   0xfff8:	add    %al,(%eax)
Continuing.

Breakpoint 1, kern_init () at kern/init/init.c:16
Continuing.

Breakpoint 4, eos_proc_start (name=0x40243f "th1", prio=20, function=0x40012f <hello1>, func_arg=0x0)
    at kern/driver/thread.c:171
$1 = (struct proc_struct *) 0x0
$2 = {state = 4026597203, pid = -268370093, kstack = 4026589891, context = {eip = 4026597203, 
    esp = 4026597203, ebx = 4026597204, ecx = 4026597203, edx = 4026597203, esi = 4026597029, 
    edi = 4026591623, ebp = 4026586144}, tf = 0xf000d420, cr3 = 4026586144, 
  name = " \324\000\360W\357\000\360 \324\000\360\063U\000\300", exit_code = -268371891, ready_link = {
    prev = 0xf000f841, next = 0xf000e3fe}, all_link = {prev = 0xf000e739, next = 0xf000f859}, 
  priority = 4026591278, ticks = 4026593234, stack_magic = 4026586181}
$3 = (struct proc_struct *) 0x0
Breakpoint 1 at 0x400005: file kern/init/init.c, line 16.
Breakpoint 2 at 0x401e91: file kern/driver/memory.c, line 45.
Function "Settest" not defined.
Make breakpoint pending on future shared library load? (y or [n]) [answered N; input not from terminal]
Function "OpenPageing" not defined.
Make breakpoint pending on future shared library load? (y or [n]) [answered N; input not from terminal]
Breakpoint 3 at 0x40084c: file kern/driver/idt.c, line 88.
Breakpoint 4 at 0x401b78: file kern/driver/thread.c, line 171.
Breakpoint 5 at 0x400000: file kern/init/init.c, line 8.
Breakpoint 6 at 0x40084c: file kern/driver/idt.c, line 88.
Breakpoint 7 at 0x401c8f: file kern/driver/thread.c, line 198.
=> 0xfff0:	add    %al,(%eax)
   0xfff2:	add    %al,(%eax)
   0xfff4:	add    %al,(%eax)
   0xfff6:	add    %al,(%eax)
   0xfff8:	add    %al,(%eax)
Continuing.

Breakpoint 1, kern_init () at kern/init/init.c:16
Continuing.

Breakpoint 4, eos_proc_start (name=0x40243f "th1", prio=20, function=0x40012f <hello1>, func_arg=0x0)
    at kern/driver/thread.c:171
get_kernel_pages (pg_cnt=1) at kern/driver/memory.c:220
malloc_page (pf=PF_KERNEL, pg_cnt=1) at kern/driver/memory.c:192
vaddr_get (pf=PF_KERNEL, pg_cnt=1) at kern/driver/memory.c:72
Breakpoint 1 at 0x400005: file kern/init/init.c, line 16.
Breakpoint 2 at 0x401e91: file kern/driver/memory.c, line 45.
Function "Settest" not defined.
Make breakpoint pending on future shared library load? (y or [n]) [answered N; input not from terminal]
Function "OpenPageing" not defined.
Make breakpoint pending on future shared library load? (y or [n]) [answered N; input not from terminal]
Breakpoint 3 at 0x40084c: file kern/driver/idt.c, line 88.
Breakpoint 4 at 0x401b78: file kern/driver/thread.c, line 171.
Breakpoint 5 at 0x400000: file kern/init/init.c, line 8.
Breakpoint 6 at 0x40084c: file kern/driver/idt.c, line 88.
Breakpoint 7 at 0x401c8f: file kern/driver/thread.c, line 198.
=> 0xfff0:	add    %al,(%eax)
   0xfff2:	add    %al,(%eax)
   0xfff4:	add    %al,(%eax)
   0xfff6:	add    %al,(%eax)
   0xfff8:	add    %al,(%eax)
Continuing.

Breakpoint 1, kern_init () at kern/init/init.c:16
Continuing.

Breakpoint 4, eos_proc_start (name=0x40243f "th1", prio=20, function=0x40012f <hello1>, func_arg=0x0)
    at kern/driver/thread.c:171
get_kernel_pages (pg_cnt=1) at kern/driver/memory.c:220
malloc_page (pf=PF_KERNEL, pg_cnt=1) at kern/driver/memory.c:192
vaddr_get (pf=PF_KERNEL, pg_cnt=1) at kern/driver/memory.c:72
bitmap_scan (btmp=0x40dc4c <kernel_vaddr>, cnt=1) at kern/driver/bitmap.c:19
$1 = 65716
$2 = 0
Breakpoint 1 at 0x400005: file kern/init/init.c, line 16.
Breakpoint 2 at 0x401e96: file kern/driver/memory.c, line 45.
Function "Settest" not defined.
Make breakpoint pending on future shared library load? (y or [n]) [answered N; input not from terminal]
Function "OpenPageing" not defined.
Make breakpoint pending on future shared library load? (y or [n]) [answered N; input not from terminal]
Breakpoint 3 at 0x400851: file kern/driver/idt.c, line 88.
Breakpoint 4 at 0x401b7d: file kern/driver/thread.c, line 171.
Breakpoint 5 at 0x400000: file kern/init/init.c, line 8.
Breakpoint 6 at 0x400851: file kern/driver/idt.c, line 88.
Breakpoint 7 at 0x401c94: file kern/driver/thread.c, line 198.
=> 0xfff0:	add    %al,(%eax)
   0xfff2:	add    %al,(%eax)
   0xfff4:	add    %al,(%eax)
   0xfff6:	add    %al,(%eax)
   0xfff8:	add    %al,(%eax)
Continuing.

Breakpoint 1, kern_init () at kern/init/init.c:16
Continuing.

Breakpoint 2, CalMemSize () at kern/driver/memory.c:45
Continuing.

Breakpoint 4, eos_proc_start (name=0x40245f "th1", prio=20, function=0x400134 <hello1>, func_arg=0x0)
    at kern/driver/thread.c:171
get_kernel_pages (pg_cnt=1) at kern/driver/memory.c:220
malloc_page (pf=PF_KERNEL, pg_cnt=1) at kern/driver/memory.c:192
vaddr_get (pf=PF_KERNEL, pg_cnt=1) at kern/driver/memory.c:72
bitmap_scan (btmp=0x40dc4c <kernel_vaddr>, cnt=1) at kern/driver/bitmap.c:19
vaddr_get (pf=PF_KERNEL, pg_cnt=1) at kern/driver/memory.c:79
bitmap_set (btmp=0x40dc4c <kernel_vaddr>, bit_idx=0, value=0 '\000') at kern/driver/bitmap.c:68
vaddr_get (pf=PF_KERNEL, pg_cnt=1) at kern/driver/memory.c:82
$1 = 0
$2 = -1072693248
$3 = 0xc0100000
Breakpoint 1 at 0x400005: file kern/init/init.c, line 16.
Breakpoint 2 at 0x401e96: file kern/driver/memory.c, line 45.
Function "Settest" not defined.
Make breakpoint pending on future shared library load? (y or [n]) [answered N; input not from terminal]
Function "OpenPageing" not defined.
Make breakpoint pending on future shared library load? (y or [n]) [answered N; input not from terminal]
Breakpoint 3 at 0x400851: file kern/driver/idt.c, line 88.
Breakpoint 4 at 0x401b7d: file kern/driver/thread.c, line 171.
Breakpoint 5 at 0x400000: file kern/init/init.c, line 8.
Breakpoint 6 at 0x400851: file kern/driver/idt.c, line 88.
Breakpoint 7 at 0x401c94: file kern/driver/thread.c, line 198.
=> 0xfff0:	add    %al,(%eax)
   0xfff2:	add    %al,(%eax)
   0xfff4:	add    %al,(%eax)
   0xfff6:	add    %al,(%eax)
   0xfff8:	add    %al,(%eax)
Continuing.

Breakpoint 1, kern_init () at kern/init/init.c:16
Continuing.

Breakpoint 2, CalMemSize () at kern/driver/memory.c:45
Continuing.

Breakpoint 4, eos_proc_start (name=0x40243f "th1", prio=20, function=0x400134 <hello1>, func_arg=0x0)
    at kern/driver/thread.c:171
get_kernel_pages (pg_cnt=1) at kern/driver/memory.c:220
malloc_page (pf=PF_KERNEL, pg_cnt=1) at kern/driver/memory.c:192
vaddr_get (pf=PF_KERNEL, pg_cnt=1) at kern/driver/memory.c:72
bitmap_scan (btmp=0x40dc4c <kernel_vaddr>, cnt=1) at kern/driver/bitmap.c:19
vaddr_get (pf=PF_KERNEL, pg_cnt=1) at kern/driver/memory.c:79
bitmap_set (btmp=0x40dc4c <kernel_vaddr>, bit_idx=0, value=0 '\000') at kern/driver/bitmap.c:68
vaddr_get (pf=PF_KERNEL, pg_cnt=1) at kern/driver/memory.c:82
$1 = 0xc0100000
malloc_page (pf=PF_KERNEL, pg_cnt=1) at kern/driver/memory.c:193
palloc (m_pool=0x40dc58 <kernel_pool>) at kern/driver/memory.c:132
bitmap_scan (btmp=0x40dc58 <kernel_pool>, cnt=1) at kern/driver/bitmap.c:19
palloc (m_pool=0x40dc58 <kernel_pool>) at kern/driver/memory.c:133
bitmap_set (btmp=0x40dc58 <kernel_pool>, bit_idx=0, value=0 '\000') at kern/driver/bitmap.c:68
palloc (m_pool=0x40dc58 <kernel_pool>) at kern/driver/memory.c:138
$2 = 0x500000
malloc_page (pf=PF_KERNEL, pg_cnt=1) at kern/driver/memory.c:205

Breakpoint 3, trap_dispatch (tf=0x7a9c) at kern/driver/idt.c:88
trap (tf=0x7a9c) at kern/driver/idt.c:144
__alltraps () at kern/driver/trapentry.S:26
__trapret () at kern/driver/trapentry.S:32
__trapret () at kern/driver/trapentry.S:35
__trapret () at kern/driver/trapentry.S:36
__trapret () at kern/driver/trapentry.S:37
__trapret () at kern/driver/trapentry.S:38
__trapret () at kern/driver/trapentry.S:43
__trapret () at kern/driver/trapentry.S:44
vector14 () at kern/driver/vector.S:71
__alltraps () at kern/driver/trapentry.S:8
__alltraps () at kern/driver/trapentry.S:9
__alltraps () at kern/driver/trapentry.S:10
__alltraps () at kern/driver/trapentry.S:11
__alltraps () at kern/driver/trapentry.S:12
__alltraps () at kern/driver/trapentry.S:20
__alltraps () at kern/driver/trapentry.S:23

Breakpoint 3, trap_dispatch (tf=0x7a9c) at kern/driver/idt.c:88
trap (tf=0x7a9c) at kern/driver/idt.c:144
__alltraps () at kern/driver/trapentry.S:26
__trapret () at kern/driver/trapentry.S:32
__trapret () at kern/driver/trapentry.S:35
__trapret () at kern/driver/trapentry.S:36
__trapret () at kern/driver/trapentry.S:37
__trapret () at kern/driver/trapentry.S:38
__trapret () at kern/driver/trapentry.S:43
__trapret () at kern/driver/trapentry.S:44
vector14 () at kern/driver/vector.S:71
__alltraps () at kern/driver/trapentry.S:8
__alltraps () at kern/driver/trapentry.S:9
__alltraps () at kern/driver/trapentry.S:10
__alltraps () at kern/driver/trapentry.S:11
__alltraps () at kern/driver/trapentry.S:12
__alltraps () at kern/driver/trapentry.S:20
__alltraps () at kern/driver/trapentry.S:23

Breakpoint 3, trap_dispatch (tf=0x7a9c) at kern/driver/idt.c:88
Continuing.

Breakpoint 3, trap_dispatch (tf=0x7a9c) at kern/driver/idt.c:88
Ambiguous command "m": macro, maintenance, make, mem, monitor, mt.
trap (tf=0x7a9c) at kern/driver/idt.c:144
Continuing.

Breakpoint 3, trap_dispatch (tf=0x7a9c) at kern/driver/idt.c:88
Continuing.

Breakpoint 3, trap_dispatch (tf=0x7a9c) at kern/driver/idt.c:88
Continuing.

Breakpoint 3, trap_dispatch (tf=0x7a9c) at kern/driver/idt.c:88
trap (tf=0x7a9c) at kern/driver/idt.c:144
__alltraps () at kern/driver/trapentry.S:26
__trapret () at kern/driver/trapentry.S:32
__trapret () at kern/driver/trapentry.S:35
__trapret () at kern/driver/trapentry.S:36
Continuing.

Breakpoint 3, trap_dispatch (tf=0x7a9c) at kern/driver/idt.c:88
Please answer y or n.
Breakpoint 1 at 0x400005: file kern/init/init.c, line 16.
Breakpoint 2 at 0x401eb7: file kern/driver/memory.c, line 45.
Function "Settest" not defined.
Make breakpoint pending on future shared library load? (y or [n]) [answered N; input not from terminal]
Function "OpenPageing" not defined.
Make breakpoint pending on future shared library load? (y or [n]) [answered N; input not from terminal]
Breakpoint 3 at 0x40085f: file kern/driver/idt.c, line 88.
Breakpoint 4 at 0x401b9e: file kern/driver/thread.c, line 171.
Breakpoint 5 at 0x400000: file kern/init/init.c, line 8.
Breakpoint 6 at 0x40085f: file kern/driver/idt.c, line 88.
Breakpoint 7 at 0x401cb5: file kern/driver/thread.c, line 198.
=> 0xfff0:	add    %al,(%eax)
   0xfff2:	add    %al,(%eax)
   0xfff4:	add    %al,(%eax)
   0xfff6:	add    %al,(%eax)
   0xfff8:	add    %al,(%eax)
Continuing.

Breakpoint 1, kern_init () at kern/init/init.c:16
Continuing.

Breakpoint 2, CalMemSize () at kern/driver/memory.c:45
Continuing.

Breakpoint 4, eos_proc_start (name=0x40245f "th1", prio=20, function=0x400134 <hello1>, func_arg=0x0)
    at kern/driver/thread.c:171
get_kernel_pages (pg_cnt=1) at kern/driver/memory.c:220
malloc_page (pf=PF_KERNEL, pg_cnt=1) at kern/driver/memory.c:192
vaddr_get (pf=PF_KERNEL, pg_cnt=1) at kern/driver/memory.c:72
bitmap_scan (btmp=0x40dc4c <kernel_vaddr>, cnt=1) at kern/driver/bitmap.c:19
vaddr_get (pf=PF_KERNEL, pg_cnt=1) at kern/driver/memory.c:79
bitmap_set (btmp=0x40dc4c <kernel_vaddr>, bit_idx=0, value=0 '\000') at kern/driver/bitmap.c:68
vaddr_get (pf=PF_KERNEL, pg_cnt=1) at kern/driver/memory.c:82
$1 = 0xc0800000
malloc_page (pf=PF_KERNEL, pg_cnt=1) at kern/driver/memory.c:193
palloc (m_pool=0x40dc58 <kernel_pool>) at kern/driver/memory.c:132
bitmap_scan (btmp=0x40dc58 <kernel_pool>, cnt=1) at kern/driver/bitmap.c:19
palloc (m_pool=0x40dc58 <kernel_pool>) at kern/driver/memory.c:133
bitmap_set (btmp=0x40dc58 <kernel_pool>, bit_idx=0, value=0 '\000') at kern/driver/bitmap.c:68
palloc (m_pool=0x40dc58 <kernel_pool>) at kern/driver/memory.c:138
$2 = 8388608
$3 = 0x800000
malloc_page (pf=PF_KERNEL, pg_cnt=1) at kern/driver/memory.c:205
page_table_add (_vaddr=0xc0800000, _page_phyaddr=0x800000) at kern/driver/memory.c:144
pde_ptr (vaddr=3229614080) at kern/driver/memory.c:123
page_table_add (_vaddr=0xc0800000, _page_phyaddr=0x800000) at kern/driver/memory.c:146
pte_ptr (vaddr=3229614080) at kern/driver/memory.c:114
page_table_add (_vaddr=0xc0800000, _page_phyaddr=0x800000) at kern/driver/memory.c:155
palloc (m_pool=0x40dc58 <kernel_pool>) at kern/driver/memory.c:132
bitmap_scan (btmp=0x40dc58 <kernel_pool>, cnt=1) at kern/driver/bitmap.c:19
palloc (m_pool=0x40dc58 <kernel_pool>) at kern/driver/memory.c:133
bitmap_set (btmp=0x40dc58 <kernel_pool>, bit_idx=1, value=0 '\000') at kern/driver/bitmap.c:68
palloc (m_pool=0x40dc58 <kernel_pool>) at kern/driver/memory.c:138
page_table_add (_vaddr=0xc0800000, _page_phyaddr=0x800000) at kern/driver/memory.c:170
memset (s=0xfff02000, c=1 '\001', n=4096) at kern/driver/string.c:286
page_table_add (_vaddr=0xc0800000, _page_phyaddr=0x800000) at kern/driver/memory.c:180
malloc_page (pf=PF_KERNEL, pg_cnt=1) at kern/driver/memory.c:210
Undefined info command: "tlb".  Try "help info".
get_kernel_pages (pg_cnt=1) at kern/driver/memory.c:221
memset (s=0xc0800000, c=0 '\000', n=4096) at kern/driver/string.c:286
get_kernel_pages (pg_cnt=1) at kern/driver/memory.c:227
$4 = 0xc0800000
eos_proc_start (name=0x40245f "th1", prio=20, function=0x400134 <hello1>, func_arg=0x0)
    at kern/driver/thread.c:175
eos_proc_create (proc=0xc0800000, func=0x400134 <hello1>, func_arg=0x0) at kern/driver/thread.c:164
memset (s=0xc0800000, c=0 '\000', n=100) at kern/driver/string.c:286
eos_proc_create (proc=0xc0800000, func=0x400134 <hello1>, func_arg=0x0) at kern/driver/thread.c:166
$5 = (thread_func *) 0x400134 <hello1>
$6 = (thread_func *) 0x400134 <hello1>
eos_proc_start (name=0x40245f "th1", prio=20, function=0x400134 <hello1>, func_arg=0x0)
    at kern/driver/thread.c:177
$7 = (struct proc_struct *) 0xc0800000
$8 = {state = TASK_READY, pid = 0, kstack = 0, context = {eip = 4194612, esp = 0, ebx = 0, ecx = 0, 
    edx = 0, esi = 0, edi = 0, ebp = 0}, tf = 0x0, cr3 = 0, name = "th1", '\000' <repeats 12 times>, 
  exit_code = 0, ready_link = {prev = 0x0, next = 0x0}, all_link = {prev = 0x0, next = 0x0}, 
  priority = 20, ticks = 0, stack_magic = 0}
$9 = {state = TASK_READY, pid = 0, kstack = 0, context = {eip = 4194612, esp = 0, ebx = 0, ecx = 0, 
    edx = 0, esi = 0, edi = 0, ebp = 0}, tf = 0x0, cr3 = 0, name = "th1", '\000' <repeats 12 times>, 
  exit_code = 0, ready_link = {prev = 0x0, next = 0x0}, all_link = {
    prev = 0x40dc24 <proc_all_listHead+4>, next = 0x7050}, priority = 20, ticks = 0, stack_magic = 0}
kern_init () at kern/init/init.c:56

Breakpoint 4, eos_proc_start (name=0x40245f "th1", prio=20, function=0x400134 <hello1>, func_arg=0x0)
    at kern/driver/thread.c:171
$10 = {state = TASK_READY, pid = 0, kstack = 0, context = {eip = 4194612, esp = 0, ebx = 0, ecx = 0, 
    edx = 0, esi = 0, edi = 0, ebp = 0}, tf = 0x0, cr3 = 0, name = "th1", '\000' <repeats 12 times>, 
  exit_code = 0, ready_link = {prev = 0x40dc30 <proc_ready_listHead+4>, next = 0xc0800048}, all_link = {
    prev = 0x40dc24 <proc_all_listHead+4>, next = 0xc0800050}, priority = 20, ticks = 0, stack_magic = 0}
kern_init () at kern/init/init.c:58
Continuing.

Breakpoint 3, trap_dispatch (tf=0x7b98) at kern/driver/idt.c:88
$11 = (struct proc_struct *) 0x7000
$12 = {state = TASK_RUNNING, pid = 0, kstack = 0, context = {eip = 0, esp = 0, ebx = 0, ecx = 0, edx = 0, 
    esi = 0, edi = 0, ebp = 0}, tf = 0x0, cr3 = 0, name = "main", '\000' <repeats 11 times>, 
  exit_code = 0, ready_link = {prev = 0x0, next = 0x0}, all_link = {prev = 0xc0800050, 
    next = 0x40dc24 <proc_all_listHead+4>}, priority = 31, ticks = 0, stack_magic = 0}

Breakpoint 7, eos_schedule () at kern/driver/thread.c:198
$13 = (struct proc_struct *) 0x7000
$14 = {state = TASK_RUNNING, pid = 0, kstack = 1, context = {eip = 0, esp = 0, ebx = 0, ecx = 0, edx = 0, 
    esi = 0, edi = 0, ebp = 0}, tf = 0x0, cr3 = 0, 
  name = "\230{\000\000\000\000\000\000main\000\000\000", exit_code = 0, ready_link = {prev = 0x0, 
    next = 0x0}, all_link = {prev = 0x40dc30 <proc_ready_listHead+4>, next = 0xc0801048}, 
  priority = 3229614160, ticks = 3229614160, stack_magic = 31}
$15 = (struct proc_struct *) 0x6ff8
$16 = (struct list_entry_t *) 0x7048
$17 = (struct proc_struct *) 0x7000
$18 = {prev = 0x40dc30 <proc_ready_listHead+4>, next = 0xc0801048}
Continuing.

Breakpoint 3, trap_dispatch (tf=<error reading variable: Cannot access memory at address 0xffffffa0>)
    at kern/driver/idt.c:88
default_putStr (str=<error reading variable: Cannot access memory at address 0xffffff70>)
    at kern/vga/vga.c:103
getCursorSite () at kern/vga/vga.c:25
Continuing.

Breakpoint 3, trap_dispatch (tf=<error reading variable: Cannot access memory at address 0xffffffa0>)
    at kern/driver/idt.c:88
Continuing.

Breakpoint 3, trap_dispatch (tf=<error reading variable: Cannot access memory at address 0xffffffa0>)
    at kern/driver/idt.c:88
Continuing.

Breakpoint 3, trap_dispatch (tf=<error reading variable: Cannot access memory at address 0xffffffa0>)
    at kern/driver/idt.c:88
Breakpoint 1 at 0x400005: file kern/init/init.c, line 16.
Breakpoint 2 at 0x401f2f: file kern/driver/memory.c, line 45.
Function "Settest" not defined.
Make breakpoint pending on future shared library load? (y or [n]) [answered N; input not from terminal]
Function "OpenPageing" not defined.
Make breakpoint pending on future shared library load? (y or [n]) [answered N; input not from terminal]
Breakpoint 3 at 0x400864: file kern/driver/idt.c, line 88.
Breakpoint 4 at 0x401ba3: file kern/driver/thread.c, line 172.
Breakpoint 5 at 0x400000: file kern/init/init.c, line 8.
Breakpoint 6 at 0x400864: file kern/driver/idt.c, line 88.
Breakpoint 7 at 0x401cba: file kern/driver/thread.c, line 199.
Breakpoint 8 at 0x401e70: file kern/driver/thread.c, line 269.
=> 0xfff0:	add    %al,(%eax)
   0xfff2:	add    %al,(%eax)
   0xfff4:	add    %al,(%eax)
   0xfff6:	add    %al,(%eax)
   0xfff8:	add    %al,(%eax)
Continuing.

Breakpoint 1, kern_init () at kern/init/init.c:16
Continuing.

Breakpoint 2, CalMemSize () at kern/driver/memory.c:45
Continuing.

Breakpoint 4, eos_proc_start (name=0x4024df "th1", prio=20, function=0x400139 <hello1>, func_arg=0x0)
    at kern/driver/thread.c:172
Continuing.

Breakpoint 4, eos_proc_start (name=0x4024df "th1", prio=20, function=0x400156 <hello2>, func_arg=0x0)
    at kern/driver/thread.c:172
Continuing.

Breakpoint 8, debug_list () at kern/driver/thread.c:269
$1 = (struct list_entry_t *) 0x40dc24 <proc_all_listHead+4>
$2 = (struct proc_struct *) 0x210311
$3 = (struct list_entry_t *) 0xc0801050
$4 = {prev = 0x40dc24 <proc_all_listHead+4>, next = 0xc0800050}
$5 = (struct proc_struct *) 0xc0801000
$6 = {state = TASK_READY, pid = 0, kstack = 0, context = {eip = 4194646, esp = 0, ebx = 0, ecx = 0, 
    edx = 0, esi = 0, edi = 0, ebp = 0}, tf = 0x0, cr3 = 0, name = "th1", '\000' <repeats 12 times>, 
  exit_code = 0, ready_link = {prev = 0x40dc30 <proc_ready_listHead+4>, next = 0xc0800048}, all_link = {
    prev = 0x40dc24 <proc_all_listHead+4>, next = 0xc0800050}, priority = 20, ticks = 0, stack_magic = 0}
$7 = {state = TASK_READY, pid = 0, kstack = 0, context = {eip = 4194617, esp = 0, ebx = 0, ecx = 0, 
    edx = 0, esi = 0, edi = 0, ebp = 0}, tf = 0x0, cr3 = 0, name = "th1", '\000' <repeats 12 times>, 
  exit_code = 0, ready_link = {prev = 0xc0801048, next = 0x40dc30 <proc_ready_listHead+4>}, all_link = {
    prev = 0xc0801050, next = 0x7050}, priority = 20, ticks = 0, stack_magic = 0}
kern_init () at kern/init/init.c:60
Continuing.

Breakpoint 3, trap_dispatch (tf=0x7b98) at kern/driver/idt.c:88

Breakpoint 7, eos_schedule () at kern/driver/thread.c:199
Breakpoint 1 at 0x400005: file kern/init/init.c, line 16.
Breakpoint 2 at 0x401f2f: file kern/driver/memory.c, line 45.
Function "Settest" not defined.
Make breakpoint pending on future shared library load? (y or [n]) [answered N; input not from terminal]
Function "OpenPageing" not defined.
Make breakpoint pending on future shared library load? (y or [n]) [answered N; input not from terminal]
Breakpoint 3 at 0x400864: file kern/driver/idt.c, line 88.
Breakpoint 4 at 0x401ba3: file kern/driver/thread.c, line 172.
Breakpoint 5 at 0x400000: file kern/init/init.c, line 8.
Breakpoint 6 at 0x400864: file kern/driver/idt.c, line 88.
Breakpoint 7 at 0x401cba: file kern/driver/thread.c, line 199.
Breakpoint 8 at 0x401e70: file kern/driver/thread.c, line 269.
=> 0xfff0:	add    %al,(%eax)
   0xfff2:	add    %al,(%eax)
   0xfff4:	add    %al,(%eax)
   0xfff6:	add    %al,(%eax)
   0xfff8:	add    %al,(%eax)
Continuing.

Breakpoint 1, kern_init () at kern/init/init.c:16
Continuing.

Breakpoint 2, CalMemSize () at kern/driver/memory.c:45
Continuing.

Breakpoint 4, eos_proc_start (name=0x4024df "th1", prio=20, function=0x400139 <hello1>, func_arg=0x0)
    at kern/driver/thread.c:172
Continuing.

Breakpoint 4, eos_proc_start (name=0x4024df "th1", prio=20, function=0x400156 <hello2>, func_arg=0x0)
    at kern/driver/thread.c:172
Continuing.

Breakpoint 8, debug_list () at kern/driver/thread.c:269
Continuing.

Breakpoint 5, dowhile () at kern/init/init.c:8
Continuing.

Breakpoint 3, trap_dispatch (tf=0x7b94) at kern/driver/idt.c:88

Breakpoint 7, eos_schedule () at kern/driver/thread.c:199
$1 = {state = TASK_RUNNING, pid = 0, kstack = 0, context = {eip = 0, esp = 0, ebx = 0, ecx = 0, edx = 0, 
    esi = 0, edi = 0, ebp = 0}, tf = 0x7b94, cr3 = 0, name = "main", '\000' <repeats 11 times>, 
  exit_code = 0, ready_link = {prev = 0x40dc30 <proc_ready_listHead+4>, next = 0xc0801048}, all_link = {
    prev = 0xc0800050, next = 0x40dc24 <proc_all_listHead+4>}, priority = 31, ticks = 31, stack_magic = 0}
$2 = {prev = 0x40dc30 <proc_ready_listHead+4>, next = 0xc0801048}
$3 = {state = TASK_RUNNING, pid = 0, kstack = 0, context = {eip = 0, esp = 0, ebx = 0, ecx = 0, edx = 0, 
    esi = 0, edi = 0, ebp = 0}, tf = 0x7b94, cr3 = 0, name = "main", '\000' <repeats 11 times>, 
  exit_code = 0, ready_link = {prev = 0x40dc30 <proc_ready_listHead+4>, next = 0xc0801048}, all_link = {
    prev = 0xc0800050, next = 0x40dc24 <proc_all_listHead+4>}, priority = 31, ticks = 31, stack_magic = 0}
$4 = 3
$5 = (struct list_entry_t *) 0x7048
Please answer y or n.
Breakpoint 1 at 0x400005: file kern/init/init.c, line 16.
Breakpoint 2 at 0x401fa7: file kern/driver/memory.c, line 45.
Function "Settest" not defined.
Make breakpoint pending on future shared library load? (y or [n]) [answered N; input not from terminal]
Function "OpenPageing" not defined.
Make breakpoint pending on future shared library load? (y or [n]) [answered N; input not from terminal]
Breakpoint 3 at 0x400869: file kern/driver/idt.c, line 88.
Breakpoint 4 at 0x401ba8: file kern/driver/thread.c, line 172.
Breakpoint 5 at 0x400000: file kern/init/init.c, line 8.
Breakpoint 6 at 0x400869: file kern/driver/idt.c, line 88.
Breakpoint 7 at 0x401cbf: file kern/driver/thread.c, line 199.
Function "debug_list" not defined.
Make breakpoint pending on future shared library load? (y or [n]) [answered N; input not from terminal]
=> 0xfff0:	add    %al,(%eax)
   0xfff2:	add    %al,(%eax)
   0xfff4:	add    %al,(%eax)
   0xfff6:	add    %al,(%eax)
   0xfff8:	add    %al,(%eax)
Continuing.

Breakpoint 1, kern_init () at kern/init/init.c:16
Continuing.

Breakpoint 2, CalMemSize () at kern/driver/memory.c:45
Continuing.

Breakpoint 4, eos_proc_start (name=0x40255f "th1", prio=20, function=0x40013e <hello1>, func_arg=0x0)
    at kern/driver/thread.c:172
Continuing.

Breakpoint 4, eos_proc_start (name=0x40255f "th1", prio=20, function=0x40015b <hello2>, func_arg=0x0)
    at kern/driver/thread.c:172
Continuing.

Breakpoint 5, dowhile () at kern/init/init.c:8
Breakpoint 1 at 0x400005: file kern/init/init.c, line 16.
Breakpoint 2 at 0x401fa7: file kern/driver/memory.c, line 45.
Function "Settest" not defined.
Make breakpoint pending on future shared library load? (y or [n]) [answered N; input not from terminal]
Function "OpenPageing" not defined.
Make breakpoint pending on future shared library load? (y or [n]) [answered N; input not from terminal]
Breakpoint 3 at 0x400869: file kern/driver/idt.c, line 88.
Breakpoint 4 at 0x401ba8: file kern/driver/thread.c, line 172.
Breakpoint 5 at 0x400000: file kern/init/init.c, line 8.
Breakpoint 6 at 0x400869: file kern/driver/idt.c, line 88.
Breakpoint 7 at 0x401cbf: file kern/driver/thread.c, line 199.
Breakpoint 8 at 0x401ee8: file kern/driver/thread.c, line 284.
=> 0xfff0:	add    %al,(%eax)
   0xfff2:	add    %al,(%eax)
   0xfff4:	add    %al,(%eax)
   0xfff6:	add    %al,(%eax)
   0xfff8:	add    %al,(%eax)
Continuing.

Breakpoint 1, kern_init () at kern/init/init.c:16
Continuing.

Breakpoint 2, CalMemSize () at kern/driver/memory.c:45
Continuing.

Breakpoint 4, eos_proc_start (name=0x40255f "th1", prio=20, function=0x40013e <hello1>, func_arg=0x0)
    at kern/driver/thread.c:172
Continuing.

Breakpoint 4, eos_proc_start (name=0x40255f "th1", prio=20, function=0x40015b <hello2>, func_arg=0x0)
    at kern/driver/thread.c:172
Continuing.

Breakpoint 8, debug_ready_list () at kern/driver/thread.c:284
$1 = {prev = 0xc0800048, next = 0xc0801048}
kern_init () at kern/init/init.c:62
Continuing.

Breakpoint 3, trap_dispatch (tf=0x7b98) at kern/driver/idt.c:88

Breakpoint 7, eos_schedule () at kern/driver/thread.c:199
$2 = (struct list_entry_t *) 0xc0800048
$3 = (struct proc_struct *) 0x7000
$4 = (struct list_entry_t *) 0x7048
$5 = (struct list_entry_t *) 0x7048
$6 = {prev = 0xc0800048, next = 0x7048}
$7 = (struct proc_struct *) 0x7000
Breakpoint 1 at 0x400005: file kern/init/init.c, line 16.
Breakpoint 2 at 0x401f5e: file kern/driver/memory.c, line 45.
Function "Settest" not defined.
Make breakpoint pending on future shared library load? (y or [n]) [answered N; input not from terminal]
Function "OpenPageing" not defined.
Make breakpoint pending on future shared library load? (y or [n]) [answered N; input not from terminal]
Breakpoint 3 at 0x400869: file kern/driver/idt.c, line 88.
Breakpoint 4 at 0x401ba8: file kern/driver/thread.c, line 172.
Breakpoint 5 at 0x400000: file kern/init/init.c, line 8.
Breakpoint 6 at 0x400869: file kern/driver/idt.c, line 88.
Breakpoint 7 at 0x401cbf: file kern/driver/thread.c, line 199.
Breakpoint 8 at 0x401e9f: file kern/driver/thread.c, line 284.
=> 0xfff0:	add    %al,(%eax)
   0xfff2:	add    %al,(%eax)
   0xfff4:	add    %al,(%eax)
   0xfff6:	add    %al,(%eax)
   0xfff8:	add    %al,(%eax)
Continuing.

Breakpoint 1, kern_init () at kern/init/init.c:16
Continuing.

Breakpoint 2, CalMemSize () at kern/driver/memory.c:45
Continuing.

Breakpoint 4, eos_proc_start (name=0x4024ff "th1", prio=20, function=0x40013e <hello1>, func_arg=0x0)
    at kern/driver/thread.c:172
Continuing.

Breakpoint 4, eos_proc_start (name=0x4024ff "th1", prio=20, function=0x40015b <hello2>, func_arg=0x0)
    at kern/driver/thread.c:172
Continuing.

Breakpoint 8, debug_ready_list () at kern/driver/thread.c:284
$1 = (struct list_entry_t *) 0x40dc24 <proc_all_listHead+4>
$2 = {prev = 0x7050, next = 0xc0801050}
$3 = (struct list_entry_t *) 0xc0801048
$4 = (struct list_entry_t *) 0xc0800048
$5 = (struct list_entry_t *) 0xc0800048
$6 = {prev = 0xc0801048, next = 0x40dc30 <proc_ready_listHead+4>}
$7 = {prev = 0xc0800048, next = 0xc0801048}
kern_init () at kern/init/init.c:62
Continuing.

Breakpoint 3, trap_dispatch (tf=0x7b98) at kern/driver/idt.c:88

Breakpoint 7, eos_schedule () at kern/driver/thread.c:199
$8 = (struct list_entry_t *) 0xc0801048
$9 = {state = TASK_READY, pid = 0, kstack = 0, context = {eip = 4194651, esp = 0, ebx = 0, ecx = 0, 
    edx = 0, esi = 0, edi = 0, ebp = 0}, tf = 0x0, cr3 = 0, name = "th1", '\000' <repeats 12 times>, 
  exit_code = 0, ready_link = {prev = 0x40dc30 <proc_ready_listHead+4>, next = 0xc0800048}, all_link = {
    prev = 0x40dc24 <proc_all_listHead+4>, next = 0xc0800050}, priority = 20, ticks = 0, stack_magic = 0}
switch_to () at kern/driver/switch.S:6
switch_to () at kern/driver/switch.S:10
switch_to () at kern/driver/switch.S:22
switch_to () at kern/driver/switch.S:31
hello2 (arg=<error reading variable: Unknown argument list address for `arg'.>) at kern/init/init.c:75
hello2 (arg=0xf000ff53) at kern/init/init.c:77
default_putStr (str=<error reading variable: Cannot access memory at address 0xffffffe4>)
    at kern/vga/vga.c:103
getCursorSite () at kern/vga/vga.c:25
default_putStr (str=<error reading variable: Cannot access memory at address 0xffffffe4>)
    at kern/vga/vga.c:107
base_putchar (ch=<error reading variable: Cannot access memory at address 0xffffffa8>, 
    pos=<error reading variable: Cannot access memory at address 0xffffffc8>) at kern/vga/vga.c:61
default_putStr (str=<error reading variable: Cannot access memory at address 0xffffffe4>)
    at kern/vga/vga.c:116
base_putchar (ch=<error reading variable: Cannot access memory at address 0xffffffa8>, 
    pos=<error reading variable: Cannot access memory at address 0xffffffc8>) at kern/vga/vga.c:61
default_putStr (str=<error reading variable: Cannot access memory at address 0xffffffe4>)
    at kern/vga/vga.c:116
base_putchar (ch=<error reading variable: Cannot access memory at address 0xffffffa8>, 
    pos=<error reading variable: Cannot access memory at address 0xffffffc8>) at kern/vga/vga.c:61
default_putStr (str=<error reading variable: Cannot access memory at address 0xffffffe4>)
    at kern/vga/vga.c:116
base_putchar (ch=<error reading variable: Cannot access memory at address 0xffffffa8>, 
    pos=<error reading variable: Cannot access memory at address 0xffffffc8>) at kern/vga/vga.c:61
default_putStr (str=<error reading variable: Cannot access memory at address 0xffffffe4>)
    at kern/vga/vga.c:116
setCursorSite (pos=<error reading variable: Cannot access memory at address 0xffffffc8>)
    at kern/vga/vga.c:41
default_putStr (str=<error reading variable: Cannot access memory at address 0xffffffe4>)
    at kern/vga/vga.c:122
default_putStr (str=<error reading variable: Cannot access memory at address 0xffffffe4>)
    at kern/vga/vga.c:103
getCursorSite () at kern/vga/vga.c:25
default_putStr (str=<error reading variable: Cannot access memory at address 0xffffffe4>)
    at kern/vga/vga.c:107
Continuing.
[Inferior 1 (Remote target) exited normally]
Breakpoint 1 at 0x400005: file kern/init/init.c, line 16.
Breakpoint 2 at 0x401f60: file kern/driver/memory.c, line 45.
Function "Settest" not defined.
Make breakpoint pending on future shared library load? (y or [n]) [answered N; input not from terminal]
Function "OpenPageing" not defined.
Make breakpoint pending on future shared library load? (y or [n]) [answered N; input not from terminal]
Breakpoint 3 at 0x40086b: file kern/driver/idt.c, line 88.
Breakpoint 4 at 0x401baa: file kern/driver/thread.c, line 172.
Breakpoint 5 at 0x400000: file kern/init/init.c, line 8.
Breakpoint 6 at 0x40086b: file kern/driver/idt.c, line 88.
Breakpoint 7 at 0x401cc1: file kern/driver/thread.c, line 199.
Breakpoint 8 at 0x401ea1: file kern/driver/thread.c, line 284.
=> 0xfff0:	add    %al,(%eax)
   0xfff2:	add    %al,(%eax)
   0xfff4:	add    %al,(%eax)
   0xfff6:	add    %al,(%eax)
   0xfff8:	add    %al,(%eax)
Continuing.

Breakpoint 1, kern_init () at kern/init/init.c:16
Continuing.

Breakpoint 2, CalMemSize () at kern/driver/memory.c:45
Continuing.

Breakpoint 4, eos_proc_start (name=0x40251f "th1", prio=20, function=0x40013e <hello1>, func_arg=0x0)
    at kern/driver/thread.c:172
Continuing.

Breakpoint 4, eos_proc_start (name=0x402523 "th2", prio=20, function=0x40015c <hello2>, func_arg=0x0)
    at kern/driver/thread.c:172
Continuing.

Breakpoint 8, debug_ready_list () at kern/driver/thread.c:284
Continuing.

Breakpoint 3, trap_dispatch (tf=0x7b98) at kern/driver/idt.c:88
Continuing.

Breakpoint 7, eos_schedule () at kern/driver/thread.c:199

Breakpoint 3, trap_dispatch (tf=<error reading variable: Cannot access memory at address 0xffffff8c>)
    at kern/driver/idt.c:88
default_putInt (num=<error reading variable: Cannot access memory at address 0xffffff5c>)
    at kern/vga/vga.c:141
Continuing.

Breakpoint 7, eos_schedule () at kern/driver/thread.c:199
Continuing.

Breakpoint 3, trap_dispatch (tf=<error reading variable: Cannot access memory at address 0xffffff8c>)
    at kern/driver/idt.c:88
Continuing.

Breakpoint 3, trap_dispatch (tf=<error reading variable: Cannot access memory at address 0xffffff8c>)
    at kern/driver/idt.c:88
Continuing.

Breakpoint 3, trap_dispatch (tf=<error reading variable: Cannot access memory at address 0xffffff5c>)
    at kern/driver/idt.c:88
default_putInt (num=<error reading variable: Cannot access memory at address 0xffffff2c>)
    at kern/vga/vga.c:141
default_putStr (str=<error reading variable: Cannot access memory at address 0xffffff10>)
    at kern/vga/vga.c:103
getCursorSite () at kern/vga/vga.c:25
default_putStr (str=<error reading variable: Cannot access memory at address 0xffffff10>)
    at kern/vga/vga.c:107
base_putchar (ch=<error reading variable: Cannot access memory at address 0xfffffed4>, 
    pos=<error reading variable: Cannot access memory at address 0xfffffef4>) at kern/vga/vga.c:61
scrollScreen () at kern/vga/vga.c:56
base_putchar (ch=<error reading variable: Cannot access memory at address 0xfffffed4>, 
    pos=<error reading variable: Cannot access memory at address 0xfffffef4>) at kern/vga/vga.c:65
default_putStr (str=<error reading variable: Cannot access memory at address 0xffffff10>)
    at kern/vga/vga.c:116
base_putchar (ch=<error reading variable: Cannot access memory at address 0xfffffed4>, 
    pos=<error reading variable: Cannot access memory at address 0xfffffef4>) at kern/vga/vga.c:61
scrollScreen () at kern/vga/vga.c:56
base_putchar (ch=<error reading variable: Cannot access memory at address 0xfffffed4>, 
    pos=<error reading variable: Cannot access memory at address 0xfffffef4>) at kern/vga/vga.c:65
default_putStr (str=<error reading variable: Cannot access memory at address 0xffffff10>)
    at kern/vga/vga.c:116
setCursorSite (pos=<error reading variable: Cannot access memory at address 0xfffffef4>)
    at kern/vga/vga.c:41
default_putStr (str=<error reading variable: Cannot access memory at address 0xffffff10>)
    at kern/vga/vga.c:122
default_putInt (num=<error reading variable: Cannot access memory at address 0xffffff2c>)
    at kern/vga/vga.c:145
default_putChar (ch=<error reading variable: Cannot access memory at address 0xfffffef4>)
    at kern/vga/vga.c:86
getCursorSite () at kern/vga/vga.c:25
default_putChar (ch=<error reading variable: Cannot access memory at address 0xfffffef4>)
    at kern/vga/vga.c:90
base_putchar (ch=<error reading variable: Cannot access memory at address 0xfffffed0>, 
    pos=<error reading variable: Cannot access memory at address 0xfffffef0>) at kern/vga/vga.c:61
scrollScreen () at kern/vga/vga.c:56
base_putchar (ch=<error reading variable: Cannot access memory at address 0xfffffed0>, 
    pos=<error reading variable: Cannot access memory at address 0xfffffef0>) at kern/vga/vga.c:65
Continuing.

Breakpoint 3, trap_dispatch (tf=<error reading variable: Cannot access memory at address 0xffffff5c>)
    at kern/driver/idt.c:88
default_putInt (num=<error reading variable: Cannot access memory at address 0xffffff2c>)
    at kern/vga/vga.c:141
Continuing.

Breakpoint 3, trap_dispatch (tf=<error reading variable: Cannot access memory at address 0xffffff5c>)
    at kern/driver/idt.c:88
default_putInt (num=<error reading variable: Cannot access memory at address 0xffffff2c>)
    at kern/vga/vga.c:141
Breakpoint 9 at 0x4004f6: file kern/vga/vga.c, line 156.
Continuing.

Breakpoint 9, default_putInt (num=<error reading variable: Cannot access memory at address 0xffffff2c>)
    at kern/vga/vga.c:156
trap_dispatch (tf=<error reading variable: Cannot access memory at address 0xffffff5c>)
    at kern/driver/idt.c:104
default_putStr (str=<error reading variable: Cannot access memory at address 0xffffff2c>)
    at kern/vga/vga.c:103
Continuing.

Breakpoint 9, default_putInt (num=<error reading variable: Cannot access memory at address 0xffffff2c>)
    at kern/vga/vga.c:156
trap_dispatch (tf=<error reading variable: Cannot access memory at address 0xffffff5c>)
    at kern/driver/idt.c:106
Continuing.

Breakpoint 3, trap_dispatch (tf=<error reading variable: Cannot access memory at address 0xffffff5c>)
    at kern/driver/idt.c:88
$1 = 8
Breakpoint 1 at 0x40000b: file kern/init/init.c, line 22.
Breakpoint 2 at 0x401ed0: file kern/driver/memory.c, line 46.
Function "Settest" not defined.
Make breakpoint pending on future shared library load? (y or [n]) [answered N; input not from terminal]
Function "OpenPageing" not defined.
Make breakpoint pending on future shared library load? (y or [n]) [answered N; input not from terminal]
Breakpoint 3 at 0x400848: file kern/driver/idt.c, line 90.
Breakpoint 4 at 0x401b1a: file kern/driver/thread.c, line 174.
Breakpoint 5 at 0x400003: file kern/init/init.c, line 10.
Breakpoint 6 at 0x400848: file kern/driver/idt.c, line 90.
Breakpoint 7 at 0x401c31: file kern/driver/thread.c, line 200.
Breakpoint 8 at 0x401e11: file kern/driver/thread.c, line 285.
=> 0x400334 <default_putStr+11>:	mov    %eax,-0x4(%ebp)
   0x400337 <default_putStr+14>:	movl   $0x0,-0x8(%ebp)
   0x40033e <default_putStr+21>:	jmp    0x4003bc <default_putStr+147>
   0x400340 <default_putStr+23>:	mov    -0x8(%ebp),%edx
   0x400343 <default_putStr+26>:	mov    0x8(%ebp),%eax
Continuing.

Breakpoint 3, trap_dispatch (tf=<error reading variable: Cannot access memory at address 0xffffff60>)
    at kern/driver/idt.c:90
eos_running_proc () at kern/driver/thread.c:192
trap_dispatch (tf=<error reading variable: Cannot access memory at address 0xffffff60>)
    at kern/driver/idt.c:109
Cannot access memory at address 0xffffff4c
Cannot access memory at address 0xffffff4c
Cannot access memory at address 0xffffff4c
Breakpoint 1 at 0x400005: file kern/init/init.c, line 16.
Breakpoint 2 at 0x401eca: file kern/driver/memory.c, line 45.
Function "Settest" not defined.
Make breakpoint pending on future shared library load? (y or [n]) [answered N; input not from terminal]
Function "OpenPageing" not defined.
Make breakpoint pending on future shared library load? (y or [n]) [answered N; input not from terminal]
Breakpoint 3 at 0x400842: file kern/driver/idt.c, line 88.
Breakpoint 4 at 0x401b14: file kern/driver/thread.c, line 172.
Breakpoint 5 at 0x400000: file kern/init/init.c, line 8.
Breakpoint 6 at 0x400842: file kern/driver/idt.c, line 88.
Breakpoint 7 at 0x401c2b: file kern/driver/thread.c, line 199.
Breakpoint 8 at 0x401e0b: file kern/driver/thread.c, line 284.
=> 0xfff0:	add    %al,(%eax)
   0xfff2:	add    %al,(%eax)
   0xfff4:	add    %al,(%eax)
   0xfff6:	add    %al,(%eax)
   0xfff8:	add    %al,(%eax)
Continuing.

Breakpoint 1, kern_init () at kern/init/init.c:16
Continuing.

Breakpoint 2, CalMemSize () at kern/driver/memory.c:45
Continuing.

Breakpoint 4, eos_proc_start (name=0x40247f "th1", prio=20, function=0x40013e <hello1>, func_arg=0x0)
    at kern/driver/thread.c:172
kern_init () at kern/init/init.c:54
Continuing.

Breakpoint 4, eos_proc_start (name=0x402483 "th2", prio=20, function=0x40015c <hello2>, func_arg=0x0)
    at kern/driver/thread.c:172
Continuing.

Breakpoint 8, debug_ready_list () at kern/driver/thread.c:284
Continuing.

Breakpoint 3, trap_dispatch (tf=0x7b98) at kern/driver/idt.c:88
$1 = (struct proc_struct *) 0x7000

Breakpoint 7, eos_schedule () at kern/driver/thread.c:199
$2 = (struct proc_struct *) 0x7000
switch_to () at kern/driver/switch.S:6
switch_to () at kern/driver/switch.S:10
switch_to () at kern/driver/switch.S:22
switch_to () at kern/driver/switch.S:31
hello2 (arg=<error reading variable: Unknown argument list address for `arg'.>) at kern/init/init.c:74
hello2 (arg=0xf000ff53) at kern/init/init.c:75
$3 = (void *) 0xfffffff4
Breakpoint 1 at 0x400005: file kern/init/init.c, line 16.
Breakpoint 2 at 0x401eea: file kern/driver/memory.c, line 45.
Function "Settest" not defined.
Make breakpoint pending on future shared library load? (y or [n]) [answered N; input not from terminal]
Function "OpenPageing" not defined.
Make breakpoint pending on future shared library load? (y or [n]) [answered N; input not from terminal]
Breakpoint 3 at 0x400842: file kern/driver/idt.c, line 88.
Breakpoint 4 at 0x401b14: file kern/driver/thread.c, line 172.
Breakpoint 5 at 0x400000: file kern/init/init.c, line 8.
Breakpoint 6 at 0x400842: file kern/driver/idt.c, line 88.
Breakpoint 7 at 0x401c4b: file kern/driver/thread.c, line 203.
Breakpoint 8 at 0x401e2b: file kern/driver/thread.c, line 290.
=> 0xfff0:	add    %al,(%eax)
   0xfff2:	add    %al,(%eax)
   0xfff4:	add    %al,(%eax)
   0xfff6:	add    %al,(%eax)
   0xfff8:	add    %al,(%eax)
Continuing.

Breakpoint 1, kern_init () at kern/init/init.c:16
Continuing.

Breakpoint 2, CalMemSize () at kern/driver/memory.c:45
Continuing.

Breakpoint 4, eos_proc_start (name=0x40249f "th1", prio=20, function=0x40013e <hello1>, func_arg=0x0)
    at kern/driver/thread.c:172
Continuing.

Breakpoint 4, eos_proc_start (name=0x4024a3 "th2", prio=20, function=0x40015c <hello2>, func_arg=0x0)
    at kern/driver/thread.c:172
Continuing.

Breakpoint 8, debug_ready_list () at kern/driver/thread.c:290
Continuing.

Breakpoint 3, trap_dispatch (tf=0x7b98) at kern/driver/idt.c:88

Breakpoint 7, eos_schedule () at kern/driver/thread.c:203
$1 = (struct proc_struct *) 0x7000
$2 = (struct proc_struct *) 0xc0801000
$3 = {state = TASK_RUNNING, pid = 0, kstack = 3230027376, context = {eip = 4194652, esp = 3230027376, 
    ebx = 0, ecx = 0, edx = 0, esi = 0, edi = 0, ebp = 0}, tf = 0x0, cr3 = 0, 
  name = "th2", '\000' <repeats 12 times>, exit_code = 0, ready_link = {
    prev = 0x40dc30 <proc_ready_listHead+4>, next = 0xc0800048}, all_link = {
    prev = 0x40dc24 <proc_all_listHead+4>, next = 0xc0800050}, priority = 20, ticks = 20, stack_magic = 0}
$4 = {eip = 4194652, esp = 3230027376, ebx = 0, ecx = 0, edx = 0, esi = 0, edi = 0, ebp = 0}
Breakpoint 1 at 0x400005: file kern/init/init.c, line 16.
Breakpoint 2 at 0x401eea: file kern/driver/memory.c, line 45.
Function "Settest" not defined.
Make breakpoint pending on future shared library load? (y or [n]) [answered N; input not from terminal]
Function "OpenPageing" not defined.
Make breakpoint pending on future shared library load? (y or [n]) [answered N; input not from terminal]
Breakpoint 3 at 0x400842: file kern/driver/idt.c, line 88.
Breakpoint 4 at 0x401b14: file kern/driver/thread.c, line 172.
Breakpoint 5 at 0x400000: file kern/init/init.c, line 8.
Breakpoint 6 at 0x400842: file kern/driver/idt.c, line 88.
Breakpoint 7 at 0x401c4b: file kern/driver/thread.c, line 203.
Breakpoint 8 at 0x401e2b: file kern/driver/thread.c, line 290.
=> 0xfff0:	add    %al,(%eax)
   0xfff2:	add    %al,(%eax)
   0xfff4:	add    %al,(%eax)
   0xfff6:	add    %al,(%eax)
   0xfff8:	add    %al,(%eax)
Continuing.

Breakpoint 1, kern_init () at kern/init/init.c:16
Continuing.

Breakpoint 2, CalMemSize () at kern/driver/memory.c:45
Continuing.

Breakpoint 4, eos_proc_start (name=0x40249f "th1", prio=20, function=0x40013e <hello1>, func_arg=0x0)
    at kern/driver/thread.c:172
$1 = (struct proc_struct *) 0xc0800000
$2 = 0xc0863e70
$3 = 3230023280
$4 = 0xc0863e70
$5 = (struct proc_struct *) 0xc0800000
Breakpoint 1 at 0x400005: file kern/init/init.c, line 16.
Breakpoint 2 at 0x401ee8: file kern/driver/memory.c, line 45.
Function "Settest" not defined.
Make breakpoint pending on future shared library load? (y or [n]) [answered N; input not from terminal]
Function "OpenPageing" not defined.
Make breakpoint pending on future shared library load? (y or [n]) [answered N; input not from terminal]
Breakpoint 3 at 0x400842: file kern/driver/idt.c, line 88.
Breakpoint 4 at 0x401b14: file kern/driver/thread.c, line 172.
Breakpoint 5 at 0x400000: file kern/init/init.c, line 8.
Breakpoint 6 at 0x400842: file kern/driver/idt.c, line 88.
Breakpoint 7 at 0x401c49: file kern/driver/thread.c, line 203.
Breakpoint 8 at 0x401e29: file kern/driver/thread.c, line 290.
=> 0xfff0:	add    %al,(%eax)
   0xfff2:	add    %al,(%eax)
   0xfff4:	add    %al,(%eax)
   0xfff6:	add    %al,(%eax)
   0xfff8:	add    %al,(%eax)
Continuing.

Breakpoint 1, kern_init () at kern/init/init.c:16
Continuing.

Breakpoint 2, CalMemSize () at kern/driver/memory.c:45
Continuing.

Breakpoint 4, eos_proc_start (name=0x40249f "th1", prio=20, function=0x40013e <hello1>, func_arg=0x0)
    at kern/driver/thread.c:172
Continuing.

Breakpoint 4, eos_proc_start (name=0x4024a3 "th2", prio=20, function=0x40015c <hello2>, func_arg=0x0)
    at kern/driver/thread.c:172
$1 = 0xc0801ffc
Continuing.

Breakpoint 8, debug_ready_list () at kern/driver/thread.c:290
Continuing.

Breakpoint 3, trap_dispatch (tf=0x7b98) at kern/driver/idt.c:88

Breakpoint 7, eos_schedule () at kern/driver/thread.c:203

Breakpoint 3, trap_dispatch (tf=0xc0801fac) at kern/driver/idt.c:88
$2 = (struct proc_struct *) 0xc0801000
Breakpoint 1 at 0x40000b: file kern/init/init.c, line 22.
Breakpoint 2 at 0x401eee: file kern/driver/memory.c, line 46.
Function "Settest" not defined.
Make breakpoint pending on future shared library load? (y or [n]) [answered N; input not from terminal]
Function "OpenPageing" not defined.
Make breakpoint pending on future shared library load? (y or [n]) [answered N; input not from terminal]
Breakpoint 3 at 0x400848: file kern/driver/idt.c, line 90.
Breakpoint 4 at 0x401b1a: file kern/driver/thread.c, line 174.
Breakpoint 5 at 0x400003: file kern/init/init.c, line 10.
Breakpoint 6 at 0x400848: file kern/driver/idt.c, line 90.
Breakpoint 7 at 0x401c4f: file kern/driver/thread.c, line 205.
Breakpoint 8 at 0x401e2f: file kern/driver/thread.c, line 292.
=> 0x400334 <default_putStr+11>:	mov    %eax,-0x4(%ebp)
   0x400337 <default_putStr+14>:	movl   $0x0,-0x8(%ebp)
   0x40033e <default_putStr+21>:	jmp    0x4003bc <default_putStr+147>
   0x400340 <default_putStr+23>:	mov    -0x8(%ebp),%edx
   0x400343 <default_putStr+26>:	mov    0x8(%ebp),%eax
Continuing.

Breakpoint 3, trap_dispatch (tf=0xc0801f80) at kern/driver/idt.c:90
trap (tf=0xc0801f80) at kern/driver/idt.c:145
__alltraps () at kern/driver/trapentry.S:26
__trapret () at kern/driver/trapentry.S:32
Continuing.

Breakpoint 3, trap_dispatch (tf=0xc0801f80) at kern/driver/idt.c:90
$1 = (struct proc_struct *) 0xc0801000
$2 = {state = TASK_RUNNING, pid = 0, kstack = 3229622268, context = {eip = 4201671, esp = 3229622028, 
    ebx = 0, ecx = 4294967295, edx = 3229618188, esi = 0, edi = 0, ebp = 3229622068}, tf = 0xc0801f80, 
  cr3 = 0, name = "th2", '\000' <repeats 12 times>, exit_code = 0, ready_link = {
    prev = 0x40dc30 <proc_ready_listHead+4>, next = 0xc0800048}, all_link = {
    prev = 0x40dc24 <proc_all_listHead+4>, next = 0xc0800050}, priority = 20, ticks = 18, stack_magic = 0}
trap (tf=0xc0801f80) at kern/driver/idt.c:145
Continuing.

Breakpoint 3, trap_dispatch (tf=0xc0801f80) at kern/driver/idt.c:90
Continuing.

Breakpoint 3, trap_dispatch (tf=0xc0801f80) at kern/driver/idt.c:90
Continuing.

Breakpoint 3, trap_dispatch (tf=0xc0801f80) at kern/driver/idt.c:90
Continuing.

Breakpoint 3, trap_dispatch (tf=0xc0801f7c) at kern/driver/idt.c:90
Continuing.

Breakpoint 3, trap_dispatch (tf=0xc0801f80) at kern/driver/idt.c:90
Continuing.

Breakpoint 3, trap_dispatch (tf=0xc0801f7c) at kern/driver/idt.c:90
Continuing.

Breakpoint 3, trap_dispatch (tf=0xc0801f80) at kern/driver/idt.c:90
$3 = {state = TASK_RUNNING, pid = 0, kstack = 3229622268, context = {eip = 4201671, esp = 3229622028, 
    ebx = 0, ecx = 4294967295, edx = 3229618188, esi = 0, edi = 0, ebp = 3229622068}, tf = 0xc0801f80, 
  cr3 = 0, name = "th2", '\000' <repeats 12 times>, exit_code = 0, ready_link = {
    prev = 0x40dc30 <proc_ready_listHead+4>, next = 0xc0800048}, all_link = {
    prev = 0x40dc24 <proc_all_listHead+4>, next = 0xc0800050}, priority = 20, ticks = 11, stack_magic = 0}
Continuing.

Breakpoint 3, trap_dispatch (tf=0xc0801f80) at kern/driver/idt.c:90
Continuing.

Breakpoint 3, trap_dispatch (tf=0xc0801f80) at kern/driver/idt.c:90
Continuing.

Breakpoint 3, trap_dispatch (tf=0xc0801f80) at kern/driver/idt.c:90
Continuing.

Breakpoint 3, trap_dispatch (tf=0xc0801f7c) at kern/driver/idt.c:90
Continuing.

Breakpoint 3, trap_dispatch (tf=0xc0801f80) at kern/driver/idt.c:90
Continuing.

Breakpoint 3, trap_dispatch (tf=0xc0801f7c) at kern/driver/idt.c:90
Continuing.

Breakpoint 3, trap_dispatch (tf=0xc0801f84) at kern/driver/idt.c:90
Continuing.

Breakpoint 3, trap_dispatch (tf=0xc0801f7c) at kern/driver/idt.c:90
Continuing.

Breakpoint 3, trap_dispatch (tf=0xc0801f80) at kern/driver/idt.c:90
Continuing.

Breakpoint 3, trap_dispatch (tf=0xc0801f84) at kern/driver/idt.c:90
$4 = (struct proc_struct *) 0xc0801000
$5 = {state = TASK_RUNNING, pid = 0, kstack = 3229622268, context = {eip = 4201671, esp = 3229622028, 
    ebx = 0, ecx = 4294967295, edx = 3229618188, esi = 0, edi = 0, ebp = 3229622068}, tf = 0xc0801f80, 
  cr3 = 0, name = "th2", '\000' <repeats 12 times>, exit_code = 0, ready_link = {
    prev = 0x40dc30 <proc_ready_listHead+4>, next = 0xc0800048}, all_link = {
    prev = 0x40dc24 <proc_all_listHead+4>, next = 0xc0800050}, priority = 20, ticks = 1, stack_magic = 0}
trap (tf=0xc0801f84) at kern/driver/idt.c:145
__alltraps () at kern/driver/trapentry.S:26
__trapret () at kern/driver/trapentry.S:32
Continuing.

Breakpoint 3, trap_dispatch (tf=0xc0801f84) at kern/driver/idt.c:90
$6 = {state = TASK_RUNNING, pid = 0, kstack = 3229622268, context = {eip = 4201671, esp = 3229622028, 
    ebx = 0, ecx = 4294967295, edx = 3229618188, esi = 0, edi = 0, ebp = 3229622068}, tf = 0xc0801f80, 
  cr3 = 0, name = "th2", '\000' <repeats 12 times>, exit_code = 0, ready_link = {
    prev = 0x40dc30 <proc_ready_listHead+4>, next = 0xc0800048}, all_link = {
    prev = 0x40dc24 <proc_all_listHead+4>, next = 0xc0800050}, priority = 20, ticks = 0, stack_magic = 0}

Breakpoint 7, eos_schedule () at kern/driver/thread.c:205
$7 = (struct list_entry_t *) 0xc0801048
Breakpoint 1 at 0x400005: file kern/init/init.c, line 16.
Breakpoint 2 at 0x401f6a: file kern/driver/memory.c, line 45.
Function "Settest" not defined.
Make breakpoint pending on future shared library load? (y or [n]) [answered N; input not from terminal]
Function "OpenPageing" not defined.
Make breakpoint pending on future shared library load? (y or [n]) [answered N; input not from terminal]
Breakpoint 3 at 0x400842: file kern/driver/idt.c, line 88.
Breakpoint 4 at 0x401b14: file kern/driver/thread.c, line 172.
Breakpoint 5 at 0x400000: file kern/init/init.c, line 8.
Breakpoint 6 at 0x400842: file kern/driver/idt.c, line 88.
Breakpoint 7 at 0x401c49: file kern/driver/thread.c, line 204.
Breakpoint 8 at 0x401eab: file kern/driver/thread.c, line 299.
=> 0xfff0:	add    %al,(%eax)
   0xfff2:	add    %al,(%eax)
   0xfff4:	add    %al,(%eax)
   0xfff6:	add    %al,(%eax)
   0xfff8:	add    %al,(%eax)
Continuing.

Breakpoint 1, kern_init () at kern/init/init.c:16
Continuing.

Breakpoint 2, CalMemSize () at kern/driver/memory.c:45
Continuing.

Breakpoint 4, eos_proc_start (name=0x40251f "th1", prio=20, function=0x40013e <hello1>, func_arg=0x0)
    at kern/driver/thread.c:172
Continuing.

Breakpoint 4, eos_proc_start (name=0x402523 "th2", prio=20, function=0x40015c <hello2>, func_arg=0x0)
    at kern/driver/thread.c:172
Continuing.

Breakpoint 8, debug_ready_list () at kern/driver/thread.c:299
Continuing.

Breakpoint 5, dowhile () at kern/init/init.c:8
Continuing.

Breakpoint 3, trap_dispatch (tf=0x7b94) at kern/driver/idt.c:88

Breakpoint 7, eos_schedule () at kern/driver/thread.c:204
$1 = (struct proc_struct *) 0x7000
$2 = {state = TASK_RUNNING, pid = 0, kstack = 0, context = {eip = 0, esp = 0, ebx = 0, ecx = 0, edx = 0, 
    esi = 0, edi = 0, ebp = 0}, tf = 0x7b94, cr3 = 0, name = "main", '\000' <repeats 11 times>, 
  exit_code = 0, ready_link = {prev = 0x0, next = 0x0}, all_link = {prev = 0xc0800050, 
    next = 0x40dc24 <proc_all_listHead+4>}, priority = 31, ticks = 4294967295, stack_magic = 0}
$3 = (struct proc_struct *) 0x7000
$4 = {state = TASK_READY, pid = 0, kstack = 0, context = {eip = 0, esp = 0, ebx = 0, ecx = 0, edx = 0, 
    esi = 0, edi = 0, ebp = 0}, tf = 0x7b94, cr3 = 0, name = "main", '\000' <repeats 11 times>, 
  exit_code = 0, ready_link = {prev = 0x40dc30 <proc_ready_listHead+4>, next = 0xc0801048}, all_link = {
    prev = 0xc0800050, next = 0x40dc24 <proc_all_listHead+4>}, priority = 31, ticks = 31, stack_magic = 0}
$5 = (struct list_entry_t *) 0xc0800048
Breakpoint 1 at 0x400005: file kern/init/init.c, line 16.
Breakpoint 2 at 0x401f6a: file kern/driver/memory.c, line 45.
Function "Settest" not defined.
Make breakpoint pending on future shared library load? (y or [n]) [answered N; input not from terminal]
Function "OpenPageing" not defined.
Make breakpoint pending on future shared library load? (y or [n]) [answered N; input not from terminal]
Breakpoint 3 at 0x400842: file kern/driver/idt.c, line 88.
Breakpoint 4 at 0x401b14: file kern/driver/thread.c, line 172.
Breakpoint 5 at 0x400000: file kern/init/init.c, line 8.
Breakpoint 6 at 0x400842: file kern/driver/idt.c, line 88.
Breakpoint 7 at 0x401c49: file kern/driver/thread.c, line 204.
Breakpoint 8 at 0x401eab: file kern/driver/thread.c, line 299.
=> 0xfff0:	add    %al,(%eax)
   0xfff2:	add    %al,(%eax)
   0xfff4:	add    %al,(%eax)
   0xfff6:	add    %al,(%eax)
   0xfff8:	add    %al,(%eax)
Continuing.

Breakpoint 1, kern_init () at kern/init/init.c:16
Continuing.

Breakpoint 2, CalMemSize () at kern/driver/memory.c:45
Continuing.

Breakpoint 4, eos_proc_start (name=0x40251f "th1", prio=20, function=0x40013e <hello1>, func_arg=0x0)
    at kern/driver/thread.c:172
Continuing.

Breakpoint 4, eos_proc_start (name=0x402523 "th2", prio=20, function=0x40015c <hello2>, func_arg=0x0)
    at kern/driver/thread.c:172
Continuing.

Breakpoint 8, debug_ready_list () at kern/driver/thread.c:299
Continuing.

Breakpoint 3, trap_dispatch (tf=0x7b98) at kern/driver/idt.c:88

Breakpoint 7, eos_schedule () at kern/driver/thread.c:204
$1 = {state = TASK_RUNNING, pid = 0, kstack = 0, context = {eip = 0, esp = 0, ebx = 0, ecx = 0, edx = 0, 
    esi = 0, edi = 0, ebp = 0}, tf = 0x7b98, cr3 = 0, name = "main", '\000' <repeats 11 times>, 
  exit_code = 0, ready_link = {prev = 0x0, next = 0x0}, all_link = {prev = 0xc0800050, 
    next = 0x40dc24 <proc_all_listHead+4>}, priority = 31, ticks = 4294967295, stack_magic = 0}
$2 = (struct list_entry_t *) 0xc0800048
$3 = (struct list_entry_t *) 0xc0800048
$4 = (struct list_entry_t *) 0xc0800048
$5 = {prev = 0x0, next = 0x0}
$6 = (struct proc_struct *) 0x7000
$7 = {prev = 0xc0801048, next = 0x40dc30 <proc_ready_listHead+4>}
No symbol "elm" in current context.
No symbol "listelm" in current context.
Invalid character ';' in expression.
No symbol "elm" in current context.
No symbol "elm" in current context.
No symbol "e1m" in current context.
No symbol "prev" in current context.
No symbol "elm" in current context.
Breakpoint 1 at 0x400005: file kern/init/init.c, line 16.
Breakpoint 2 at 0x401f6b: file kern/driver/memory.c, line 45.
Function "Settest" not defined.
Make breakpoint pending on future shared library load? (y or [n]) [answered N; input not from terminal]
Function "OpenPageing" not defined.
Make breakpoint pending on future shared library load? (y or [n]) [answered N; input not from terminal]
Breakpoint 3 at 0x400842: file kern/driver/idt.c, line 88.
Breakpoint 4 at 0x401b14: file kern/driver/thread.c, line 172.
Breakpoint 5 at 0x400000: file kern/init/init.c, line 8.
Breakpoint 6 at 0x400842: file kern/driver/idt.c, line 88.
Breakpoint 7 at 0x401c49: file kern/driver/thread.c, line 204.
Breakpoint 8 at 0x401eac: file kern/driver/thread.c, line 299.
=> 0xfff0:	add    %al,(%eax)
   0xfff2:	add    %al,(%eax)
   0xfff4:	add    %al,(%eax)
   0xfff6:	add    %al,(%eax)
   0xfff8:	add    %al,(%eax)
Continuing.

Breakpoint 1, kern_init () at kern/init/init.c:16
Continuing.

Breakpoint 2, CalMemSize () at kern/driver/memory.c:45
Continuing.

Breakpoint 4, eos_proc_start (name=0x40251f "th1", prio=20, function=0x40013e <hello1>, func_arg=0x0)
    at kern/driver/thread.c:172
Continuing.

Breakpoint 4, eos_proc_start (name=0x402523 "th2", prio=20, function=0x40015c <hello2>, func_arg=0x0)
    at kern/driver/thread.c:172
Continuing.

Breakpoint 8, debug_ready_list () at kern/driver/thread.c:299
Continuing.

Breakpoint 3, trap_dispatch (tf=0x7b98) at kern/driver/idt.c:88

Breakpoint 7, eos_schedule () at kern/driver/thread.c:204
$1 = (struct list_entry_t *) 0xc0800048
$2 = (struct proc_struct *) 0x7000
$3 = {state = TASK_READY, pid = 0, kstack = 0, context = {eip = 0, esp = 0, ebx = 0, ecx = 0, edx = 0, 
    esi = 0, edi = 0, ebp = 0}, tf = 0x7b98, cr3 = 0, name = "main", '\000' <repeats 11 times>, 
  exit_code = 0, ready_link = {prev = 0xc0800048, next = 0x40dc30 <proc_ready_listHead+4>}, all_link = {
    prev = 0xc0800050, next = 0x40dc24 <proc_all_listHead+4>}, priority = 31, ticks = 31, stack_magic = 0}
$4 = (struct list_entry_t *) 0xc0801048
$5 = {prev = 0x40dc30 <proc_ready_listHead+4>, next = 0xc0800048}
Continuing.

Breakpoint 3, trap_dispatch (tf=0xc0801fac) at kern/driver/idt.c:88
Continuing.

Breakpoint 3, trap_dispatch (tf=0xc0801fac) at kern/driver/idt.c:88
$6 = (struct proc_struct *) 0xc0801000
$7 = 19
Continuing.

Breakpoint 3, trap_dispatch (tf=0xc0801fac) at kern/driver/idt.c:88
Continuing.

Breakpoint 3, trap_dispatch (tf=0xc0801f7c) at kern/driver/idt.c:88
Continuing.

Breakpoint 3, trap_dispatch (tf=0xc0801f80) at kern/driver/idt.c:88
Continuing.

Breakpoint 3, trap_dispatch (tf=0xc0801f84) at kern/driver/idt.c:88
Continuing.

Breakpoint 3, trap_dispatch (tf=0xc0801f7c) at kern/driver/idt.c:88
Continuing.

Breakpoint 3, trap_dispatch (tf=0xc0801f7c) at kern/driver/idt.c:88
Continuing.

Breakpoint 3, trap_dispatch (tf=0xc0801f7c) at kern/driver/idt.c:88
Continuing.

Breakpoint 3, trap_dispatch (tf=0xc0801f7c) at kern/driver/idt.c:88
Continuing.

Breakpoint 3, trap_dispatch (tf=0xc0801f84) at kern/driver/idt.c:88
Continuing.

Breakpoint 3, trap_dispatch (tf=0xc0801f7c) at kern/driver/idt.c:88
Continuing.

Breakpoint 3, trap_dispatch (tf=0xc0801f80) at kern/driver/idt.c:88
Continuing.

Breakpoint 3, trap_dispatch (tf=0xc0801f80) at kern/driver/idt.c:88
Continuing.

Breakpoint 3, trap_dispatch (tf=0xc0801f80) at kern/driver/idt.c:88
Continuing.

Breakpoint 3, trap_dispatch (tf=0xc0801f80) at kern/driver/idt.c:88
Continuing.

Breakpoint 3, trap_dispatch (tf=0xc0801f7c) at kern/driver/idt.c:88
Continuing.

Breakpoint 3, trap_dispatch (tf=0xc0801f84) at kern/driver/idt.c:88
Continuing.

Breakpoint 3, trap_dispatch (tf=0xc0801f80) at kern/driver/idt.c:88
Continuing.

Breakpoint 3, trap_dispatch (tf=0xc0801f7c) at kern/driver/idt.c:88
Continuing.

Breakpoint 3, trap_dispatch (tf=0xc0801f7c) at kern/driver/idt.c:88
$8 = 0

Breakpoint 7, eos_schedule () at kern/driver/thread.c:204
$9 = (struct proc_struct *) 0xc0801000
$10 = {state = TASK_READY, pid = 0, kstack = 3229622268, context = {eip = 4194652, esp = 3229622268, 
    ebx = 0, ecx = 0, edx = 0, esi = 0, edi = 0, ebp = 0}, tf = 0xc0801f7c, cr3 = 0, 
  name = "th2", '\000' <repeats 12 times>, exit_code = 0, ready_link = {prev = 0x7048, 
    next = 0x40dc30 <proc_ready_listHead+4>}, all_link = {prev = 0x40dc24 <proc_all_listHead+4>, 
    next = 0xc0800050}, priority = 20, ticks = 20, stack_magic = 0}
No symbol "t" in current context.
$11 = {prev = 0x40dc30 <proc_ready_listHead+4>, next = 0x7048}
$12 = (struct list_entry_t *) 0xc0800048
$13 = (struct proc_struct *) 0xc0801000
$14 = {state = TASK_READY, pid = 0, kstack = 3229622268, context = {eip = 4194652, esp = 3229622268, 
    ebx = 0, ecx = 0, edx = 0, esi = 0, edi = 0, ebp = 0}, tf = 0xc0801f7c, cr3 = 0, 
  name = "th2", '\000' <repeats 12 times>, exit_code = 0, ready_link = {prev = 0x7048, 
    next = 0x40dc30 <proc_ready_listHead+4>}, all_link = {prev = 0x40dc24 <proc_all_listHead+4>, 
    next = 0xc0800050}, priority = 20, ticks = 20, stack_magic = 0}

Breakpoint 3, trap_dispatch (tf=0xc0800fac) at kern/driver/idt.c:88
Continuing.

Breakpoint 3, trap_dispatch (tf=0xc0800f7c) at kern/driver/idt.c:88
Continuing.

Breakpoint 3, trap_dispatch (tf=0xc0800f84) at kern/driver/idt.c:88
Continuing.

Breakpoint 3, trap_dispatch (tf=0xc0800f84) at kern/driver/idt.c:88
Continuing.

Breakpoint 3, trap_dispatch (tf=0xc0800f80) at kern/driver/idt.c:88
Continuing.

Breakpoint 3, trap_dispatch (tf=0xc0800f80) at kern/driver/idt.c:88
Continuing.

Breakpoint 3, trap_dispatch (tf=0xc0800f80) at kern/driver/idt.c:88
$15 = 14
Continuing.

Breakpoint 3, trap_dispatch (tf=0xc0800f80) at kern/driver/idt.c:88
Continuing.

Breakpoint 3, trap_dispatch (tf=0xc0800f7c) at kern/driver/idt.c:88
Continuing.

Breakpoint 3, trap_dispatch (tf=0xc0800f7c) at kern/driver/idt.c:88
Continuing.

Breakpoint 3, trap_dispatch (tf=0xc0800f7c) at kern/driver/idt.c:88
Continuing.

Breakpoint 3, trap_dispatch (tf=0xc0800f7c) at kern/driver/idt.c:88
Continuing.

Breakpoint 3, trap_dispatch (tf=0xc0800f7c) at kern/driver/idt.c:88
Continuing.

Breakpoint 3, trap_dispatch (tf=0xc0800f80) at kern/driver/idt.c:88
Continuing.

Breakpoint 3, trap_dispatch (tf=0xc0800f84) at kern/driver/idt.c:88
Continuing.

Breakpoint 3, trap_dispatch (tf=0xc0800f7c) at kern/driver/idt.c:88
Continuing.

Breakpoint 3, trap_dispatch (tf=0xc0800f7c) at kern/driver/idt.c:88
Continuing.

Breakpoint 3, trap_dispatch (tf=0xc0800f80) at kern/driver/idt.c:88
Continuing.

Breakpoint 3, trap_dispatch (tf=0xc0800f80) at kern/driver/idt.c:88
Continuing.

Breakpoint 3, trap_dispatch (tf=0xc0800f80) at kern/driver/idt.c:88
Continuing.

Breakpoint 3, trap_dispatch (tf=0xc0800f7c) at kern/driver/idt.c:88
Continuing.

Breakpoint 7, eos_schedule () at kern/driver/thread.c:204
$16 = (struct proc_struct *) 0xc0800000
$17 = {state = TASK_RUNNING, pid = 0, kstack = 3229618172, context = {eip = 4194622, esp = 3229618172, 
    ebx = 0, ecx = 0, edx = 0, esi = 0, edi = 0, ebp = 0}, tf = 0xc0800f7c, cr3 = 0, 
  name = "th1", '\000' <repeats 12 times>, exit_code = 0, ready_link = {
    prev = 0x40dc30 <proc_ready_listHead+4>, next = 0x7048}, all_link = {prev = 0xc0801050, 
    next = 0x7050}, priority = 20, ticks = 4294967295, stack_magic = 0}

Breakpoint 3, trap_dispatch (tf=0x7b98) at kern/driver/idt.c:88
Continuing.

Breakpoint 5, dowhile () at kern/init/init.c:8
Continuing.

Breakpoint 3, trap_dispatch (tf=0x7b94) at kern/driver/idt.c:88
Continuing.

Breakpoint 3, trap_dispatch (tf=0x7b94) at kern/driver/idt.c:88
Continuing.

Breakpoint 3, trap_dispatch (tf=0x7b94) at kern/driver/idt.c:88
Continuing.

Breakpoint 3, trap_dispatch (tf=0x7b94) at kern/driver/idt.c:88
Continuing.

Breakpoint 3, trap_dispatch (tf=0x7b94) at kern/driver/idt.c:88
Continuing.

Breakpoint 3, trap_dispatch (tf=0x7b94) at kern/driver/idt.c:88
Continuing.

Breakpoint 3, trap_dispatch (tf=0x7b94) at kern/driver/idt.c:88
Continuing.

Breakpoint 3, trap_dispatch (tf=0x7b94) at kern/driver/idt.c:88
Continuing.

Breakpoint 3, trap_dispatch (tf=0x7b94) at kern/driver/idt.c:88
Continuing.

Breakpoint 3, trap_dispatch (tf=0x7b94) at kern/driver/idt.c:88
Continuing.

Breakpoint 3, trap_dispatch (tf=0x7b94) at kern/driver/idt.c:88
Continuing.

Breakpoint 3, trap_dispatch (tf=0x7b94) at kern/driver/idt.c:88
Continuing.

Breakpoint 3, trap_dispatch (tf=0x7b94) at kern/driver/idt.c:88
Continuing.

Breakpoint 3, trap_dispatch (tf=0x7b94) at kern/driver/idt.c:88
Continuing.

Breakpoint 3, trap_dispatch (tf=0x7b94) at kern/driver/idt.c:88
Continuing.

Breakpoint 3, trap_dispatch (tf=0x7b94) at kern/driver/idt.c:88
Continuing.

Breakpoint 3, trap_dispatch (tf=0x7b94) at kern/driver/idt.c:88
Continuing.

Breakpoint 3, trap_dispatch (tf=0x7b94) at kern/driver/idt.c:88
Continuing.

Breakpoint 3, trap_dispatch (tf=0x7b94) at kern/driver/idt.c:88
Continuing.

Breakpoint 3, trap_dispatch (tf=0x7b94) at kern/driver/idt.c:88
Continuing.

Breakpoint 3, trap_dispatch (tf=0x7b94) at kern/driver/idt.c:88
Continuing.

Breakpoint 3, trap_dispatch (tf=0x7b94) at kern/driver/idt.c:88
$18 = 9
Continuing.

Breakpoint 3, trap_dispatch (tf=0x7b94) at kern/driver/idt.c:88
Continuing.

Breakpoint 3, trap_dispatch (tf=0x7b94) at kern/driver/idt.c:88
Continuing.

Breakpoint 3, trap_dispatch (tf=0x7b94) at kern/driver/idt.c:88
Continuing.

Breakpoint 3, trap_dispatch (tf=0x7b94) at kern/driver/idt.c:88
Continuing.

Breakpoint 3, trap_dispatch (tf=0x7b94) at kern/driver/idt.c:88
Continuing.

Breakpoint 3, trap_dispatch (tf=0x7b94) at kern/driver/idt.c:88
Continuing.

Breakpoint 3, trap_dispatch (tf=0x7b94) at kern/driver/idt.c:88
Continuing.

Breakpoint 3, trap_dispatch (tf=0x7b94) at kern/driver/idt.c:88
Continuing.

Breakpoint 3, trap_dispatch (tf=0x7b94) at kern/driver/idt.c:88
Continuing.

Breakpoint 7, eos_schedule () at kern/driver/thread.c:204
Continuing.

Breakpoint 3, trap_dispatch (tf=0xc0801f7c) at kern/driver/idt.c:88
$19 = (struct proc_struct *) 0xc0801000
Continuing.

Breakpoint 3, trap_dispatch (tf=0xc0801f7c) at kern/driver/idt.c:88
Continuing.

Breakpoint 3, trap_dispatch (tf=0xc0801f7c) at kern/driver/idt.c:88
Continuing.

Breakpoint 3, trap_dispatch (tf=0xc0801f80) at kern/driver/idt.c:88
Continuing.

Breakpoint 3, trap_dispatch (tf=0xc0801f7c) at kern/driver/idt.c:88
Breakpoint 1 at 0x40001d: file kern/init/init.c, line 18.
Breakpoint 2 at 0x401fb3: file kern/driver/memory.c, line 48.
Function "Settest" not defined.
Make breakpoint pending on future shared library load? (y or [n]) [answered N; input not from terminal]
Function "OpenPageing" not defined.
Make breakpoint pending on future shared library load? (y or [n]) [answered N; input not from terminal]
Breakpoint 3 at 0x40085a: file kern/driver/idt.c, line 43.
Breakpoint 4 at 0x401b35: file kern/driver/thread.c, line 172.
Breakpoint 5 at 0x400000: file kern/init/init.c, line 8.
Breakpoint 6 at 0x40085a: file kern/driver/idt.c, line 43.
Breakpoint 7 at 0x401c71: file kern/driver/thread.c, line 204.
Breakpoint 8 at 0x401ef2: file kern/driver/thread.c, line 299.
=> 0xfff0:	add    %al,(%eax)
   0xfff2:	add    %al,(%eax)
   0xfff4:	add    %al,(%eax)
   0xfff6:	add    %al,(%eax)
   0xfff8:	add    %al,(%eax)
Continuing.

Breakpoint 1, kern_init () at kern/init/init.c:18
Breakpoint 1 at 0x40001d: file kern/init/init.c, line 18.
Breakpoint 2 at 0x401fb3: file kern/driver/memory.c, line 48.
Function "Settest" not defined.
Make breakpoint pending on future shared library load? (y or [n]) [answered N; input not from terminal]
Function "OpenPageing" not defined.
Make breakpoint pending on future shared library load? (y or [n]) [answered N; input not from terminal]
Breakpoint 3 at 0x40085a: file kern/driver/idt.c, line 43.
Breakpoint 4 at 0x401b35: file kern/driver/thread.c, line 172.
Breakpoint 5 at 0x400000: file kern/init/init.c, line 8.
Breakpoint 6 at 0x40085a: file kern/driver/idt.c, line 43.
Breakpoint 7 at 0x401c71: file kern/driver/thread.c, line 204.
Breakpoint 8 at 0x401ef2: file kern/driver/thread.c, line 299.
=> 0xfff0:	add    %al,(%eax)
   0xfff2:	add    %al,(%eax)
   0xfff4:	add    %al,(%eax)
   0xfff6:	add    %al,(%eax)
   0xfff8:	add    %al,(%eax)
Continuing.

Breakpoint 1, kern_init () at kern/init/init.c:18
vmm_init () at kern/vmm/vmm.c:66
kern_init () at kern/init/init.c:43
mem_init () at kern/driver/memory.c:449
Breakpoint 1 at 0x10001d: file kern/init/init.c, line 18.
Breakpoint 2 at 0x101f59: file kern/driver/memory.c, line 48.
Function "Settest" not defined.
Make breakpoint pending on future shared library load? (y or [n]) [answered N; input not from terminal]
Function "OpenPageing" not defined.
Make breakpoint pending on future shared library load? (y or [n]) [answered N; input not from terminal]
Breakpoint 3 at 0x100800: file kern/driver/idt.c, line 43.
Breakpoint 4 at 0x101adb: file kern/driver/thread.c, line 172.
Breakpoint 5 at 0x100000: file kern/init/init.c, line 8.
Breakpoint 6 at 0x100800: file kern/driver/idt.c, line 43.
Breakpoint 7 at 0x101c17: file kern/driver/thread.c, line 204.
Breakpoint 8 at 0x101e98: file kern/driver/thread.c, line 299.
=> 0xfff0:	add    %al,(%eax)
   0xfff2:	add    %al,(%eax)
   0xfff4:	add    %al,(%eax)
   0xfff6:	add    %al,(%eax)
   0xfff8:	add    %al,(%eax)
Continuing.

Breakpoint 1, kern_init () at kern/init/init.c:18
mem_init () at kern/driver/memory.c:449

Breakpoint 2, CalMemSize () at kern/driver/memory.c:48
mem_init () at kern/driver/memory.c:453
mem_pool_init (all_mem=33554432) at kern/driver/memory.c:297
Breakpoint 1 at 0x10001d: file kern/init/init.c, line 18.
Breakpoint 2 at 0x101f59: file kern/driver/memory.c, line 48.
Function "Settest" not defined.
Make breakpoint pending on future shared library load? (y or [n]) [answered N; input not from terminal]
Function "OpenPageing" not defined.
Make breakpoint pending on future shared library load? (y or [n]) [answered N; input not from terminal]
Breakpoint 3 at 0x100800: file kern/driver/idt.c, line 43.
Breakpoint 4 at 0x101adb: file kern/driver/thread.c, line 172.
Breakpoint 5 at 0x100000: file kern/init/init.c, line 8.
Breakpoint 6 at 0x100800: file kern/driver/idt.c, line 43.
Breakpoint 7 at 0x101c17: file kern/driver/thread.c, line 204.
Breakpoint 8 at 0x101e98: file kern/driver/thread.c, line 299.
=> 0xfff0:	add    %al,(%eax)
   0xfff2:	add    %al,(%eax)
   0xfff4:	add    %al,(%eax)
   0xfff6:	add    %al,(%eax)
   0xfff8:	add    %al,(%eax)
Continuing.

Breakpoint 1, kern_init () at kern/init/init.c:18
mem_init () at kern/driver/memory.c:449

Breakpoint 2, CalMemSize () at kern/driver/memory.c:48
Breakpoint 9 at 0x101fdd: file kern/driver/memory.c, line 68.
Continuing.

Breakpoint 9, CalMemSize () at kern/driver/memory.c:68
mem_init () at kern/driver/memory.c:453
mem_pool_init (all_mem=33554432) at kern/driver/memory.c:297
Breakpoint 1 at 0x10001d: file kern/init/init.c, line 18.
Breakpoint 2 at 0x101f59: file kern/driver/memory.c, line 48.
Function "Settest" not defined.
Make breakpoint pending on future shared library load? (y or [n]) [answered N; input not from terminal]
Function "OpenPageing" not defined.
Make breakpoint pending on future shared library load? (y or [n]) [answered N; input not from terminal]
Breakpoint 3 at 0x100800: file kern/driver/idt.c, line 43.
Breakpoint 4 at 0x101adb: file kern/driver/thread.c, line 172.
Breakpoint 5 at 0x100000: file kern/init/init.c, line 8.
Breakpoint 6 at 0x100800: file kern/driver/idt.c, line 43.
Breakpoint 7 at 0x101c17: file kern/driver/thread.c, line 204.
Breakpoint 8 at 0x101e98: file kern/driver/thread.c, line 299.
=> 0xfff0:	add    %al,(%eax)
   0xfff2:	add    %al,(%eax)
   0xfff4:	add    %al,(%eax)
   0xfff6:	add    %al,(%eax)
   0xfff8:	add    %al,(%eax)
Continuing.

Breakpoint 1, kern_init () at kern/init/init.c:18
mem_init () at kern/driver/memory.c:449

Breakpoint 2, CalMemSize () at kern/driver/memory.c:48
Breakpoint 9 at 0x101fe5: file kern/driver/memory.c, line 75.
Breakpoint 10 at 0x101fdd: file kern/driver/memory.c, line 68.
Continuing.

Breakpoint 10, CalMemSize () at kern/driver/memory.c:68
mem_init () at kern/driver/memory.c:453
mem_pool_init (all_mem=33554432) at kern/driver/memory.c:297
mem_init () at kern/driver/memory.c:454
kern_init () at kern/init/init.c:42

Breakpoint 1, kern_init () at kern/init/init.c:18
mem_init () at kern/driver/memory.c:449
gdt_init () at kern/driver/memory.c:433
mem_init () at kern/driver/memory.c:451

Breakpoint 2, CalMemSize () at kern/driver/memory.c:48
Continuing.

Breakpoint 10, CalMemSize () at kern/driver/memory.c:68
mem_init () at kern/driver/memory.c:453
mem_pool_init (all_mem=33554432) at kern/driver/memory.c:297
$1 = (void (*)()) 0x1024c5 <mem_pool_init+269>
mem_init () at kern/driver/memory.c:454
kern_init () at kern/init/init.c:42
vmm_init () at kern/vmm/vmm.c:71
vmmPageInit () at kern/vmm/vmm.c:18
Breakpoint 11 at 0x100555: file kern/vmm/vmm.c, line 56.
Note: breakpoint 11 also set at pc 0x100555.
Breakpoint 12 at 0x100555: file kern/vmm/vmm.c, line 56.
Continuing.

Breakpoint 11, vmmPageInit () at kern/vmm/vmm.c:56
vmm_init () at kern/vmm/vmm.c:72
vmmOpenPage () at boot/x86.h:167
vmmOpenPage () at kern/vmm/vmm.c:67
0x0000e05b in ?? ()
Breakpoint 1 at 0x10001d: file kern/init/init.c, line 18.
Breakpoint 2 at 0x101fc6: file kern/driver/memory.c, line 48.
Function "Settest" not defined.
Make breakpoint pending on future shared library load? (y or [n]) [answered N; input not from terminal]
Function "OpenPageing" not defined.
Make breakpoint pending on future shared library load? (y or [n]) [answered N; input not from terminal]
Breakpoint 3 at 0x10086d: file kern/driver/idt.c, line 43.
Breakpoint 4 at 0x101b48: file kern/driver/thread.c, line 172.
Breakpoint 5 at 0x100000: file kern/init/init.c, line 8.
Breakpoint 6 at 0x10086d: file kern/driver/idt.c, line 43.
Breakpoint 7 at 0x101c84: file kern/driver/thread.c, line 204.
Breakpoint 8 at 0x101f05: file kern/driver/thread.c, line 299.
=> 0xfff0:	add    %al,(%eax)
   0xfff2:	add    %al,(%eax)
   0xfff4:	add    %al,(%eax)
   0xfff6:	add    %al,(%eax)
   0xfff8:	add    %al,(%eax)
Continuing.

Breakpoint 1, kern_init () at kern/init/init.c:18

Breakpoint 2, CalMemSize () at kern/driver/memory.c:48
Breakpoint 9 at 0x10204a: file kern/driver/memory.c, line 68.
Continuing.

Breakpoint 9, CalMemSize () at kern/driver/memory.c:68
mem_init () at kern/driver/memory.c:453
kern_init () at kern/init/init.c:42
vmm_init () at kern/vmm/vmm.c:67
$1 = 1105920
$2 = 0x10e000
Breakpoint 1 at 0x100023: file kern/init/init.c, line 24.
Breakpoint 2 at 0x101fcc: file kern/driver/memory.c, line 49.
Function "Settest" not defined.
Make breakpoint pending on future shared library load? (y or [n]) [answered N; input not from terminal]
Function "OpenPageing" not defined.
Make breakpoint pending on future shared library load? (y or [n]) [answered N; input not from terminal]
Breakpoint 3 at 0x100873: file kern/driver/idt.c, line 45.
Breakpoint 4 at 0x101b4e: file kern/driver/thread.c, line 174.
Breakpoint 5 at 0x100006: file kern/init/init.c, line 11.
Breakpoint 6 at 0x100873: file kern/driver/idt.c, line 45.
Breakpoint 7 at 0x101c8a: file kern/driver/thread.c, line 205.
Breakpoint 8 at 0x101f0b: file kern/driver/thread.c, line 300.
=> 0x1003c9 <default_putStr+136>:	add    $0x8,%esp
   0x1003cc <default_putStr+139>:	addl   $0x1,-0x4(%ebp)
   0x1003d0 <default_putStr+143>:	addl   $0x1,-0x8(%ebp)
   0x1003d4 <default_putStr+147>:	mov    -0x8(%ebp),%edx
   0x1003d7 <default_putStr+150>:	mov    0x8(%ebp),%eax
Continuing.

Breakpoint 5, dowhile () at kern/init/init.c:11
Continuing.

Breakpoint 3, trap_dispatch (tf=0x7b78) at kern/driver/idt.c:45
Continuing.

Breakpoint 5, dowhile () at kern/init/init.c:11
Continuing.

Breakpoint 5, dowhile () at kern/init/init.c:11
Continuing.

Breakpoint 5, dowhile () at kern/init/init.c:11
Continuing.

Breakpoint 5, dowhile () at kern/init/init.c:11
Continuing.

Breakpoint 5, dowhile () at kern/init/init.c:11
Continuing.

Breakpoint 5, dowhile () at kern/init/init.c:11
Continuing.

Breakpoint 3, trap_dispatch (tf=0x7b8c) at kern/driver/idt.c:45
Continuing.
Warning:
Cannot insert breakpoint 5: Remote communication error.  Target disconnected.: Broken pipe.

Command aborted.
The program is not being run.
Breakpoint 1 at 0x10001d: file kern/init/init.c, line 18.
Breakpoint 2 at 0x101fc6: file kern/driver/memory.c, line 48.
Function "Settest" not defined.
Make breakpoint pending on future shared library load? (y or [n]) [answered N; input not from terminal]
Function "OpenPageing" not defined.
Make breakpoint pending on future shared library load? (y or [n]) [answered N; input not from terminal]
Breakpoint 3 at 0x10086d: file kern/driver/idt.c, line 43.
Breakpoint 4 at 0x101b48: file kern/driver/thread.c, line 172.
Breakpoint 5 at 0x100000: file kern/init/init.c, line 8.
Breakpoint 6 at 0x10086d: file kern/driver/idt.c, line 43.
Breakpoint 7 at 0x101c84: file kern/driver/thread.c, line 204.
Breakpoint 8 at 0x101f05: file kern/driver/thread.c, line 299.
=> 0xfff0:	add    %al,(%eax)
   0xfff2:	add    %al,(%eax)
   0xfff4:	add    %al,(%eax)
   0xfff6:	add    %al,(%eax)
   0xfff8:	add    %al,(%eax)
Continuing.

Breakpoint 1, kern_init () at kern/init/init.c:18

Breakpoint 2, CalMemSize () at kern/driver/memory.c:48
Breakpoint 9 at 0x10204a: file kern/driver/memory.c, line 68.
Continuing.

Breakpoint 9, CalMemSize () at kern/driver/memory.c:68
mem_init () at kern/driver/memory.c:456
kern_init () at kern/init/init.c:42
vmm_init () at kern/vmm/vmm.c:66
calEndAddr () at kern/vmm/vmm.c:22
vmm_init () at kern/vmm/vmm.c:69
$1 = 0x10e000
Breakpoint 1 at 0x10001d: file kern/init/init.c, line 18.
Breakpoint 2 at 0x102425: file kern/driver/memory.c, line 292.
Breakpoint 3 at 0x10086d: file kern/driver/idt.c, line 43.
=> 0xfff0:	add    %al,(%eax)
   0xfff2:	add    %al,(%eax)
   0xfff4:	add    %al,(%eax)
   0xfff6:	add    %al,(%eax)
   0xfff8:	add    %al,(%eax)
Continuing.

Breakpoint 1, kern_init () at kern/init/init.c:18
Continuing.

Breakpoint 2, mem_pool_init (all_mem=33554432) at kern/driver/memory.c:292
$1 = 0x12000
$2 = 0x10000
Breakpoint 1 at 0x10001d: file kern/init/init.c, line 18.
Breakpoint 2 at 0x102425: file kern/driver/memory.c, line 292.
Breakpoint 3 at 0x10086d: file kern/driver/idt.c, line 43.
=> 0xfff0:	add    %al,(%eax)
   0xfff2:	add    %al,(%eax)
   0xfff4:	add    %al,(%eax)
   0xfff6:	add    %al,(%eax)
   0xfff8:	add    %al,(%eax)
Continuing.

Breakpoint 1, kern_init () at kern/init/init.c:18
Continuing.

Breakpoint 2, mem_pool_init (all_mem=33554432) at kern/driver/memory.c:292
$1 = 0x12000
No symbol "PGSIZE" in current context.
$2 = 0x10000
Breakpoint 1 at 0x10001d: file kern/init/init.c, line 18.
Breakpoint 2 at 0x102425: file kern/driver/memory.c, line 292.
Breakpoint 3 at 0x10086d: file kern/driver/idt.c, line 43.
=> 0xfff0:	add    %al,(%eax)
   0xfff2:	add    %al,(%eax)
   0xfff4:	add    %al,(%eax)
   0xfff6:	add    %al,(%eax)
   0xfff8:	add    %al,(%eax)
Continuing.

Breakpoint 1, kern_init () at kern/init/init.c:18
mem_init () at kern/driver/memory.c:456

Breakpoint 2, mem_pool_init (all_mem=33554432) at kern/driver/memory.c:292
Breakpoint 1 at 0x10001d: file kern/init/init.c, line 18.
Breakpoint 2 at 0x102420: file kern/driver/memory.c, line 300.
Breakpoint 3 at 0x100833: file kern/driver/idt.c, line 43.
=> 0xfff0:	add    %al,(%eax)
   0xfff2:	add    %al,(%eax)
   0xfff4:	add    %al,(%eax)
   0xfff6:	add    %al,(%eax)
   0xfff8:	add    %al,(%eax)
Continuing.

Breakpoint 1, kern_init () at kern/init/init.c:18
mem_init () at kern/driver/memory.c:464
Continuing.

Breakpoint 2, mem_pool_init (all_mem=33554432) at kern/driver/memory.c:300
$1 = 0x110000
Breakpoint 1 at 0x10001d: file kern/init/init.c, line 18.
Breakpoint 2 at 0x10249c: file kern/driver/memory.c, line 344.
Breakpoint 3 at 0x100833: file kern/driver/idt.c, line 43.
=> 0xfff0:	add    %al,(%eax)
   0xfff2:	add    %al,(%eax)
   0xfff4:	add    %al,(%eax)
   0xfff6:	add    %al,(%eax)
   0xfff8:	add    %al,(%eax)
Continuing.

Breakpoint 1, kern_init () at kern/init/init.c:18
Continuing.

Breakpoint 2, mem_pool_init (all_mem=33554432) at kern/driver/memory.c:344
Continuing.

Breakpoint 3, trap_dispatch (tf=0x7b64) at kern/driver/idt.c:43
$1 = 0
eos_schedule () at kern/driver/thread.c:207

Breakpoint 3, trap_dispatch (tf=0xc0111fac) at kern/driver/idt.c:43
trap (tf=0xc0111fac) at kern/driver/idt.c:100
__alltraps () at kern/driver/trapentry.S:26
__trapret () at kern/driver/trapentry.S:32
__trapret () at kern/driver/trapentry.S:35
__trapret () at kern/driver/trapentry.S:36
__trapret () at kern/driver/trapentry.S:37
__trapret () at kern/driver/trapentry.S:38
__trapret () at kern/driver/trapentry.S:43
__trapret () at kern/driver/trapentry.S:44

Breakpoint 3, trap_dispatch (tf=0xc0111f98) at kern/driver/idt.c:43
$2 = 0
trap (tf=0xc0111f98) at kern/driver/idt.c:100
__alltraps () at kern/driver/trapentry.S:26
__trapret () at kern/driver/trapentry.S:32
__trapret () at kern/driver/trapentry.S:35
__trapret () at kern/driver/trapentry.S:36
__trapret () at kern/driver/trapentry.S:37
__trapret () at kern/driver/trapentry.S:38
__trapret () at kern/driver/trapentry.S:43
__trapret () at kern/driver/trapentry.S:44
default_putStr (str=0x102756 "thread2 ") at kern/vga/vga.c:105

Breakpoint 3, trap_dispatch (tf=0xc0111f80) at kern/driver/idt.c:43
eos_schedule () at kern/driver/thread.c:207
Undefined command: "finsh".  Try "help".
Run till exit from #0  eos_schedule () at kern/libs/list.h:50

Breakpoint 3, trap_dispatch (tf=0xc0110fac) at kern/driver/idt.c:43
trap (tf=0xc0110fac) at kern/driver/idt.c:100
__alltraps () at kern/driver/trapentry.S:26
__trapret () at kern/driver/trapentry.S:32
__trapret () at kern/driver/trapentry.S:35
__trapret () at kern/driver/trapentry.S:36
__trapret () at kern/driver/trapentry.S:37
__trapret () at kern/driver/trapentry.S:38
__trapret () at kern/driver/trapentry.S:43
__trapret () at kern/driver/trapentry.S:44

Breakpoint 3, trap_dispatch (tf=0xc0110f98) at kern/driver/idt.c:43
trap (tf=0xc0110f98) at kern/driver/idt.c:100
__alltraps () at kern/driver/trapentry.S:26
__trapret () at kern/driver/trapentry.S:32
__trapret () at kern/driver/trapentry.S:35
__trapret () at kern/driver/trapentry.S:36
__trapret () at kern/driver/trapentry.S:37
__trapret () at kern/driver/trapentry.S:38
__trapret () at kern/driver/trapentry.S:43
__trapret () at kern/driver/trapentry.S:44
default_putStr (str=0x10274d "thread1 ") at kern/vga/vga.c:105

Breakpoint 3, trap_dispatch (tf=0xc0110f80) at kern/driver/idt.c:43

Breakpoint 3, trap_dispatch (tf=0x7b64) at kern/driver/idt.c:43
trap (tf=0x7b64) at kern/driver/idt.c:100
__alltraps () at kern/driver/trapentry.S:26
__trapret () at kern/driver/trapentry.S:32
__trapret () at kern/driver/trapentry.S:35
__trapret () at kern/driver/trapentry.S:36
__trapret () at kern/driver/trapentry.S:37
__trapret () at kern/driver/trapentry.S:38
__trapret () at kern/driver/trapentry.S:43
__trapret () at kern/driver/trapentry.S:44
default_putStr (str=0x102720 "main ") at kern/vga/vga.c:109

Breakpoint 3, trap_dispatch (tf=0x7b58) at kern/driver/idt.c:43
trap (tf=0x7b58) at kern/driver/idt.c:100
__alltraps () at kern/driver/trapentry.S:26
__trapret () at kern/driver/trapentry.S:32
__trapret () at kern/driver/trapentry.S:35
__trapret () at kern/driver/trapentry.S:36
__trapret () at kern/driver/trapentry.S:37
__trapret () at kern/driver/trapentry.S:38
__trapret () at kern/driver/trapentry.S:43
__trapret () at kern/driver/trapentry.S:44
base_putchar (ch=16 '\020', pos=13856) at kern/vga/vga.c:61
default_putStr (str=0x102720 "main ") at kern/vga/vga.c:118

Breakpoint 3, trap_dispatch (tf=0x7b58) at kern/driver/idt.c:43
eos_schedule () at kern/driver/thread.c:207

Breakpoint 3, trap_dispatch (tf=0xc0111f80) at kern/driver/idt.c:43
trap (tf=0xc0111f80) at kern/driver/idt.c:100
__alltraps () at kern/driver/trapentry.S:26
__trapret () at kern/driver/trapentry.S:32
__trapret () at kern/driver/trapentry.S:35
__trapret () at kern/driver/trapentry.S:36
__trapret () at kern/driver/trapentry.S:37
__trapret () at kern/driver/trapentry.S:38
__trapret () at kern/driver/trapentry.S:43
__trapret () at kern/driver/trapentry.S:44
getCursorSite () at kern/vga/vga.c:25
default_putStr (str=0x102756 "thread2 ") at kern/vga/vga.c:109

Breakpoint 3, trap_dispatch (tf=0xc0111f78) at kern/driver/idt.c:43
trap (tf=0xc0111f78) at kern/driver/idt.c:100
__alltraps () at kern/driver/trapentry.S:26
__trapret () at kern/driver/trapentry.S:32
__trapret () at kern/driver/trapentry.S:35
__trapret () at kern/driver/trapentry.S:36
__trapret () at kern/driver/trapentry.S:37
__trapret () at kern/driver/trapentry.S:38
__trapret () at kern/driver/trapentry.S:43
__trapret () at kern/driver/trapentry.S:44
base_putchar (ch=16 '\020', pos=13856) at kern/vga/vga.c:61
default_putStr (str=0x102756 "thread2 ") at kern/vga/vga.c:118

Breakpoint 3, trap_dispatch (tf=0xc0111f78) at kern/driver/idt.c:43
eos_schedule () at kern/driver/thread.c:207
switch_to () at kern/driver/switch.S:6
switch_to () at kern/driver/switch.S:10
switch_to () at kern/driver/switch.S:29
switch_to () at kern/driver/switch.S:31
eos_schedule () at kern/driver/thread.c:254
trap_dispatch (tf=0xc0110f80) at kern/driver/idt.c:69
trap (tf=0xc0110f80) at kern/driver/idt.c:100
__alltraps () at kern/driver/trapentry.S:26
__trapret () at kern/driver/trapentry.S:32
__trapret () at kern/driver/trapentry.S:35
__trapret () at kern/driver/trapentry.S:36
__trapret () at kern/driver/trapentry.S:37
__trapret () at kern/driver/trapentry.S:38
__trapret () at kern/driver/trapentry.S:43
__trapret () at kern/driver/trapentry.S:44
getCursorSite () at kern/vga/vga.c:25
default_putStr (str=0x10274d "thread1 ") at kern/vga/vga.c:109

Breakpoint 3, trap_dispatch (tf=0xc0110f78) at kern/driver/idt.c:43
trap (tf=0xc0110f78) at kern/driver/idt.c:100
__alltraps () at kern/driver/trapentry.S:26
__trapret () at kern/driver/trapentry.S:32
__trapret () at kern/driver/trapentry.S:35
__trapret () at kern/driver/trapentry.S:36
__trapret () at kern/driver/trapentry.S:37
__trapret () at kern/driver/trapentry.S:38
__trapret () at kern/driver/trapentry.S:43
__trapret () at kern/driver/trapentry.S:44
base_putchar (ch=16 '\020', pos=13856) at kern/vga/vga.c:61
default_putStr (str=0x10274d "thread1 ") at kern/vga/vga.c:118

Breakpoint 3, trap_dispatch (tf=0xc0110f78) at kern/driver/idt.c:43
trap (tf=0xc0110f78) at kern/driver/idt.c:100
__alltraps () at kern/driver/trapentry.S:26
__trapret () at kern/driver/trapentry.S:32
__trapret () at kern/driver/trapentry.S:35
__trapret () at kern/driver/trapentry.S:36
__trapret () at kern/driver/trapentry.S:37
__trapret () at kern/driver/trapentry.S:38
__trapret () at kern/driver/trapentry.S:43
__trapret () at kern/driver/trapentry.S:44
base_putchar (ch=16 '\020', pos=13857) at kern/vga/vga.c:61
default_putStr (str=0x10274d "thread1 ") at kern/vga/vga.c:118

Breakpoint 3, trap_dispatch (tf=0xc0110f78) at kern/driver/idt.c:43
eos_schedule () at kern/driver/thread.c:207
switch_to () at kern/driver/switch.S:6
switch_to () at kern/driver/switch.S:10
switch_to () at kern/driver/switch.S:29
switch_to () at kern/driver/switch.S:31
eos_schedule () at kern/driver/thread.c:254
trap_dispatch (tf=0x7b58) at kern/driver/idt.c:69
Breakpoint 1 at 0x10001d: file kern/init/init.c, line 18.
Breakpoint 2 at 0x1024e0: file kern/driver/memory.c, line 344.
Breakpoint 3 at 0x10085b: file kern/driver/idt.c, line 43.
=> 0xfff0:	add    %al,(%eax)
   0xfff2:	add    %al,(%eax)
   0xfff4:	add    %al,(%eax)
   0xfff6:	add    %al,(%eax)
   0xfff8:	add    %al,(%eax)
Continuing.

Breakpoint 1, kern_init () at kern/init/init.c:18

Breakpoint 2, mem_pool_init (all_mem=33554432) at kern/driver/memory.c:344
Breakpoint 4 at 0x1025f8: file kern/driver/memory.c, line 436.
Continuing.

Breakpoint 4, mem_pool_init (all_mem=33554432) at kern/driver/memory.c:436
mem_init () at kern/driver/memory.c:526
kern_init () at kern/init/init.c:42
eos_proc_start (name=0x102785 "th1", prio=2, function=0x100156 <hello1>, func_arg=0x16)
    at kern/driver/thread.c:174
$1 = 0xc0110000
$2 = 0xc0111000
$3 = 0xc0110fff
Breakpoint 1 at 0x10001d: file kern/init/init.c, line 18.
Breakpoint 2 at 0x101b36: file kern/driver/thread.c, line 172.
Breakpoint 3 at 0x10085b: file kern/driver/idt.c, line 43.
=> 0xfff0:	add    %al,(%eax)
   0xfff2:	add    %al,(%eax)
   0xfff4:	add    %al,(%eax)
   0xfff6:	add    %al,(%eax)
   0xfff8:	add    %al,(%eax)
Continuing.

Breakpoint 1, kern_init () at kern/init/init.c:18
Continuing.

Breakpoint 2, eos_proc_start (name=0x102785 "th1", prio=2, function=0x100156 <hello1>, func_arg=0x16)
    at kern/driver/thread.c:172
$1 = 0xc0110ffc
$2 = (struct proc_struct *) 0xc0110000
$3 = {state = TASK_READY, pid = 0, runs = 0, kstack = 0, need_resched = 0, parent = 0x0, mm = 0x0, 
  context = {eip = 1048918, esp = 3222343672, ebx = 0, ecx = 0, edx = 0, esi = 0, edi = 0, ebp = 0}, 
  tf = 0x0, cr3 = 0, flags = 0, name = "th1", '\000' <repeats 12 times>, list_link = {prev = 0x0, 
    next = 0x0}, hash_link = {prev = 0x0, next = 0x0}, exit_code = 0, wait_state = 0, cptr = 0x0, 
  yptr = 0x0, optr = 0x0, rq = 0x0, run_link = {prev = 0x0, next = 0x0}, time_slice = 0, pgdir = 0x0, 
  userprog_vaddr = {vaddr_bitmap = {len = 0, bits = 0x0}, vaddr_start = 0}, ready_link = {prev = 0x0, 
    next = 0x0}, all_link = {prev = 0x0, next = 0x0}, priority = 2, ticks = 0, stack_magic = 0}
Continuing.

Breakpoint 2, eos_proc_start (name=0x102789 "th2", prio=2, function=0x100188 <hello2>, func_arg=0x37)
    at kern/driver/thread.c:172
$4 = 0xc0112000
kern_init () at kern/init/init.c:58

Breakpoint 3, trap_dispatch (tf=0x7b98) at kern/driver/idt.c:43
eos_schedule () at kern/driver/thread.c:213

Breakpoint 3, trap_dispatch (tf=0xc0111fa8) at kern/driver/idt.c:43
trap (tf=0xc0111fa8) at kern/driver/idt.c:100
__alltraps () at kern/driver/trapentry.S:26
__trapret () at kern/driver/trapentry.S:32
__trapret () at kern/driver/trapentry.S:35
__trapret () at kern/driver/trapentry.S:36
__trapret () at kern/driver/trapentry.S:37
__trapret () at kern/driver/trapentry.S:38
__trapret () at kern/driver/trapentry.S:43
__trapret () at kern/driver/trapentry.S:44

Breakpoint 3, trap_dispatch (tf=0xc0111f94) at kern/driver/idt.c:43
trap (tf=0xc0111f94) at kern/driver/idt.c:100
__alltraps () at kern/driver/trapentry.S:26
__trapret () at kern/driver/trapentry.S:32
__trapret () at kern/driver/trapentry.S:35
__trapret () at kern/driver/trapentry.S:36
__trapret () at kern/driver/trapentry.S:37
__trapret () at kern/driver/trapentry.S:38
__trapret () at kern/driver/trapentry.S:43
__trapret () at kern/driver/trapentry.S:44
default_putStr (str=0x102796 "thread2 ") at kern/vga/vga.c:105

Breakpoint 3, trap_dispatch (tf=0xc0111f7c) at kern/driver/idt.c:43
eos_schedule () at kern/driver/thread.c:213
switch_to () at kern/driver/switch.S:6
switch_to () at kern/driver/switch.S:10
switch_to () at kern/driver/switch.S:22
switch_to () at kern/driver/switch.S:31
$5 = 0xc0110ff4
hello1 (arg=<error reading variable: Unknown argument list address for `arg'.>) at kern/init/init.c:67
hello1 (arg=0x16) at kern/init/init.c:68
$6 = 0x16
$7 = (void *) 0xc0110fec
0xc0110fec:	0x00000000	0x00000000	0x00000000	0x00000000
0xc0110fe4:	0x00000000	0x00000000	0x00000000	0x00000000
0xc0110ff4:	0x00000000	0x00000000	0x00000016	0x00000002
0xc0110ffc:	0x00000016	0x00000002	0x00000000	0x00000000
0xc011100c:	0x00000000	0x00000000	0x00000000	0x00000000

Breakpoint 3, trap_dispatch (tf=0xc0110f94) at kern/driver/idt.c:43
Continuing.

Breakpoint 3, trap_dispatch (tf=0xc0110f78) at kern/driver/idt.c:43
Continuing.

Breakpoint 3, trap_dispatch (tf=0xc0110f5c) at kern/driver/idt.c:43
Continuing.

Breakpoint 3, trap_dispatch (tf=0x7b64) at kern/driver/idt.c:43
Continuing.

Breakpoint 3, trap_dispatch (tf=0x7b5c) at kern/driver/idt.c:43
Continuing.

Breakpoint 3, trap_dispatch (tf=0x7b5c) at kern/driver/idt.c:43
Continuing.

Breakpoint 3, trap_dispatch (tf=0xc0111f78) at kern/driver/idt.c:43
Continuing.

Breakpoint 3, trap_dispatch (tf=0xc0111f60) at kern/driver/idt.c:43
Breakpoint 1 at 0x10001d: file kern/init/init.c, line 18.
Breakpoint 2 at 0x101b36: file kern/driver/thread.c, line 173.
Breakpoint 3 at 0x10085b: file kern/driver/idt.c, line 43.
=> 0xfff0:	add    %al,(%eax)
   0xfff2:	add    %al,(%eax)
   0xfff4:	add    %al,(%eax)
   0xfff6:	add    %al,(%eax)
   0xfff8:	add    %al,(%eax)
Continuing.

Breakpoint 1, kern_init () at kern/init/init.c:18
eos_proc_init () at kern/libs/list.h:38
eos_PIDinit () at kern/driver/pid.c:8
$1 = 0xc0111000
eos_proc_init () at kern/driver/thread.c:351
make_main_thread () at kern/driver/thread.c:324
$2 = 0
eos_proc_init () at kern/driver/thread.c:352
kern_init () at kern/init/init.c:55

Breakpoint 2, eos_proc_start (name=0x1029a5 "th1", prio=2, function=0x100156 <hello1>, func_arg=0x16)
    at kern/driver/thread.c:173
$3 = 0xc0112000
$4 = 1
kern_init () at kern/init/init.c:56

Breakpoint 2, eos_proc_start (name=0x1029a9 "th2", prio=2, function=0x100188 <hello2>, func_arg=0x37)
    at kern/driver/thread.c:173
$5 = 0xc0113000
$6 = 2
Breakpoint 1 at 0x100005: file kern/init/init.c, line 18.
Breakpoint 2 at 0x101b2c: file kern/driver/thread.c, line 171.
Breakpoint 3 at 0x100872: file kern/driver/idt.c, line 43.
=> 0xfff0:	add    %al,(%eax)
   0xfff2:	add    %al,(%eax)
   0xfff4:	add    %al,(%eax)
   0xfff6:	add    %al,(%eax)
   0xfff8:	add    %al,(%eax)
Continuing.

Breakpoint 1, kern_init () at kern/init/init.c:18

Breakpoint 2, eos_proc_start (name=0x1029ff "th1", prio=2, function=0x10013e <hello1>, func_arg=0x22)
    at kern/driver/thread.c:171
Continuing.

Breakpoint 2, eos_proc_start (name=0x102a03 "th2", prio=2, function=0x100188 <hello2>, func_arg=0x55)
    at kern/driver/thread.c:171
Continuing.

Breakpoint 3, trap_dispatch (tf=0x7b98) at kern/driver/idt.c:43
eos_schedule () at kern/driver/thread.c:310
switch_to () at kern/driver/switch.S:7
switch_to () at kern/driver/switch.S:11
run_to () at kern/driver/switch.S:21
run_to () at kern/driver/switch.S:24
run_to () at kern/driver/switch.S:33
hello2 (arg=<error reading variable: Unknown argument list address for `arg'.>) at kern/init/init.c:80
hello2 (arg=0x55) at kern/init/init.c:82
0x00000000 in ?? ()
Cannot find bounds of current function
Cannot find bounds of current function
Breakpoint 1 at 0x100005: file kern/init/init.c, line 18.
Breakpoint 2 at 0x101b2c: file kern/driver/thread.c, line 171.
Breakpoint 3 at 0x100872: file kern/driver/idt.c, line 43.
Breakpoint 4 at 0x100188: file kern/init/init.c, line 80.
=> 0xfff0:	add    %al,(%eax)
   0xfff2:	add    %al,(%eax)
   0xfff4:	add    %al,(%eax)
   0xfff6:	add    %al,(%eax)
   0xfff8:	add    %al,(%eax)
Continuing.

Breakpoint 1, kern_init () at kern/init/init.c:18
Continuing.

Breakpoint 2, eos_proc_start (name=0x1029ff "th1", prio=2, function=0x10013e <hello1>, func_arg=0x22)
    at kern/driver/thread.c:171
Continuing.

Breakpoint 2, eos_proc_start (name=0x102a03 "th2", prio=2, function=0x100188 <hello2>, func_arg=0x55)
    at kern/driver/thread.c:171
Continuing.

Breakpoint 3, trap_dispatch (tf=0x7b94) at kern/driver/idt.c:43
Continuing.

Breakpoint 4, hello2 (arg=<error reading variable: Unknown argument list address for `arg'.>)
    at kern/init/init.c:80
hello2 (arg=0x55) at kern/init/init.c:82
0x1001ca <hello2+66>:	0x000002b8
0xc0113fdc:	0x00000000
$1 = 0xc0113fdc
0xc0113fe4:	0x00000000
0xc0113fdc:	0x00000000	0x00000000	0x00000000	0x00000004
0xc0113fe8:	0x00000004	0x00000000	0x00000000	0x00000000
$2 = 0x55
$3 = 0xc0113ffc
Breakpoint 1 at 0x100005: file kern/init/init.c, line 18.
Breakpoint 2 at 0x101b2c: file kern/driver/thread.c, line 171.
Breakpoint 3 at 0x100872: file kern/driver/idt.c, line 43.
Breakpoint 4 at 0x100188: file kern/init/init.c, line 80.
=> 0xfff0:	add    %al,(%eax)
   0xfff2:	add    %al,(%eax)
   0xfff4:	add    %al,(%eax)
   0xfff6:	add    %al,(%eax)
   0xfff8:	add    %al,(%eax)
Continuing.

Breakpoint 1, kern_init () at kern/init/init.c:18
Continuing.

Breakpoint 2, eos_proc_start (name=0x1029ff "th1", prio=2, function=0x10013e <hello1>, func_arg=0x22)
    at kern/driver/thread.c:171
Continuing.

Breakpoint 2, eos_proc_start (name=0x102a03 "th2", prio=2, function=0x100188 <hello2>, func_arg=0x55)
    at kern/driver/thread.c:171
Continuing.

Breakpoint 3, trap_dispatch (tf=0x7b94) at kern/driver/idt.c:43
Continuing.

Breakpoint 4, hello2 (arg=<error reading variable: Unknown argument list address for `arg'.>)
    at kern/init/init.c:80
hello2 (arg=0x55) at kern/init/init.c:82
$1 = 0xc0113fdc
Item count other than 1 is meaningless in "print" command.
0xc0113fdc:	0x00000000	0x00000000	0x00000000	0x00000000
0xc0113fec:	0x00000000	0x00000000	0x00000000	0x00000000
0xc0113ffc:	0x00000055	0x00000000	0x00000000	0x00000000
Breakpoint 1 at 0x100005: file kern/init/init.c, line 18.
Breakpoint 2 at 0x101b2c: file kern/driver/thread.c, line 171.
Breakpoint 3 at 0x100872: file kern/driver/idt.c, line 43.
Breakpoint 4 at 0x100188: file kern/init/init.c, line 80.
=> 0xfff0:	add    %al,(%eax)
   0xfff2:	add    %al,(%eax)
   0xfff4:	add    %al,(%eax)
   0xfff6:	add    %al,(%eax)
   0xfff8:	add    %al,(%eax)
Continuing.

Breakpoint 1, kern_init () at kern/init/init.c:18
Continuing.

Breakpoint 2, eos_proc_start (name=0x1029ff "th1", prio=2, function=0x10013e <hello1>, func_arg=0x22)
    at kern/driver/thread.c:171
Continuing.

Breakpoint 2, eos_proc_start (name=0x102a03 "th2", prio=2, function=0x100188 <hello2>, func_arg=0x55)
    at kern/driver/thread.c:171
Continuing.

Breakpoint 3, trap_dispatch (tf=0x7b94) at kern/driver/idt.c:43
eos_schedule () at kern/driver/thread.c:310
switch_to () at kern/driver/switch.S:7
$1 = 0x7afc
switch_to () at kern/driver/switch.S:11
run_to () at kern/driver/switch.S:21
run_to () at kern/driver/switch.S:24
$2 = 0x7b00
$3 = 0xc0113ff8
run_to () at kern/driver/switch.S:33
$4 = 0xc0113ff4
0xc0113ff4:	0x00100188	0x00000000	0x00000055	0x00000000
0xc0114004:	0x00000000	0x00000000	0x00000000	0x00000000
0xc0114014:	0x00000000	0x00000000	0x00000000	0x00000000
0xc0114000:	0x00000000	0x00000000	0x00000000	0x00000000
0xc0114010:	0x00000000	0x00000000	0x00000000	0x00000000
0xc0114020:	0x00000000	0x00000000	0x00000000	0x00000000
0xc0113ff0:	0x00000000	0x00100188	0x00000000	0x00000055
0xc0114000:	0x00000000	0x00000000	0x00000000	0x00000000
0xc0114010:	0x00000000	0x00000000	0x00000000	0x00000000
$5 = 0xc0113ff4

Breakpoint 4, hello2 (arg=<error reading variable: Unknown argument list address for `arg'.>)
    at kern/init/init.c:80
$6 = 0xc0113ff8
hello2 (arg=0x55) at kern/init/init.c:82
$7 = 0xc0113fdc
Breakpoint 1 at 0x100005: file kern/init/init.c, line 18.
Breakpoint 2 at 0x101b2c: file kern/driver/thread.c, line 171.
Breakpoint 3 at 0x100872: file kern/driver/idt.c, line 43.
Breakpoint 4 at 0x100188: file kern/init/init.c, line 80.
=> 0xfff0:	add    %al,(%eax)
   0xfff2:	add    %al,(%eax)
   0xfff4:	add    %al,(%eax)
   0xfff6:	add    %al,(%eax)
   0xfff8:	add    %al,(%eax)
Continuing.

Breakpoint 1, kern_init () at kern/init/init.c:18
Continuing.

Breakpoint 2, eos_proc_start (name=0x1029ff "th1", prio=2, function=0x10013e <hello1>, func_arg=0x22)
    at kern/driver/thread.c:171
Continuing.

Breakpoint 2, eos_proc_start (name=0x102a03 "th2", prio=2, function=0x100188 <hello2>, func_arg=0x55)
    at kern/driver/thread.c:171
Continuing.

Breakpoint 3, trap_dispatch (tf=0x7b94) at kern/driver/idt.c:43
Continuing.

Breakpoint 4, hello2 (arg=<error reading variable: Unknown argument list address for `arg'.>)
    at kern/init/init.c:80
$1 = 0xc0113ff8
0xc0113ff8:	0x00000000
0xc0113ff8:	0x00000000	0x00000055	0x00000000	0x00000000
Breakpoint 1 at 0x100005: file kern/init/init.c, line 18.
Breakpoint 2 at 0x101b2c: file kern/driver/thread.c, line 171.
Breakpoint 3 at 0x100872: file kern/driver/idt.c, line 43.
Breakpoint 4 at 0x100188: file kern/init/init.c, line 80.
=> 0xfff0:	add    %al,(%eax)
   0xfff2:	add    %al,(%eax)
   0xfff4:	add    %al,(%eax)
   0xfff6:	add    %al,(%eax)
   0xfff8:	add    %al,(%eax)
Continuing.

Breakpoint 1, kern_init () at kern/init/init.c:18
Continuing.

Breakpoint 2, eos_proc_start (name=0x1029ff "th1", prio=2, function=0x10013e <hello1>, func_arg=0x22)
    at kern/driver/thread.c:171
Continuing.

Breakpoint 2, eos_proc_start (name=0x102a03 "th2", prio=2, function=0x100188 <hello2>, func_arg=0x55)
    at kern/driver/thread.c:171
Continuing.

Breakpoint 3, trap_dispatch (tf=0x7b94) at kern/driver/idt.c:43
Continuing.

Breakpoint 4, hello2 (arg=<error reading variable: Unknown argument list address for `arg'.>)
    at kern/init/init.c:80
$1 = 0xc0113ff8
0xc0113ff8:	0x00101ca8	0x00000055	0x00000000	0x00000000
hello2 (arg=0x55) at kern/init/init.c:82
$2 = 0xc0113fdc
$3 = 0xc0113fdc
$4 = 0xc0113fdc
No symbol "ebp" in current context.
$5 = 0xc0113ff4
eos_do_exit (error_code=<error reading variable: Unknown argument list address for `error_code'.>)
    at kern/driver/thread.c:217
$6 = 0x101ca8
$7 = 0xc0113ffc
Item count other than 1 is meaningless in "print" command.
0xc0113ffc:	0x00000055	0x00000000	0x00000000	0x00000000
eos_do_exit (error_code=0x0) at kern/driver/thread.c:218
$8 = (struct proc_struct *) 0xc0113000
$9 = {state = TASK_RUNNING, pid = 2, runs = 0, kstack = 0, need_resched = 0, parent = 0x0, mm = 0x0, 
  context = {eip = 1048968, esp = 3222355960, ebx = 0, ecx = 0, edx = 0, esi = 0, edi = 0, ebp = 0}, 
  tf = 0x0, cr3 = 0, flags = 0, name = "th2", '\000' <repeats 12 times>, list_link = {prev = 0x0, 
    next = 0x0}, hash_link = {prev = 0x0, next = 0x0}, exit_code = 0, wait_state = 0, cptr = 0x0, 
  yptr = 0x0, optr = 0x0, rq = 0x0, run_link = {prev = 0x0, next = 0x0}, time_slice = 0, pgdir = 0x0, 
  userprog_vaddr = {vaddr_bitmap = {len = 0, bits = 0x0}, vaddr_start = 0}, ready_link = {
    prev = 0x10ecf8 <proc_ready_listHead+4>, next = 0xc011209c}, all_link = {
    prev = 0x10ecec <proc_all_listHead+4>, next = 0xc01120a4}, priority = 2, ticks = 2, stack_magic = 0}
$10 = {state = TASK_DIED, pid = 2, runs = 0, kstack = 0, need_resched = 0, parent = 0x0, mm = 0x0, 
  context = {eip = 1048968, esp = 3222355960, ebx = 0, ecx = 0, edx = 0, esi = 0, edi = 0, ebp = 0}, 
  tf = 0x0, cr3 = 0, flags = 0, name = "th2", '\000' <repeats 12 times>, list_link = {prev = 0x0, 
    next = 0x0}, hash_link = {prev = 0x0, next = 0x0}, exit_code = 0, wait_state = 0, cptr = 0x0, 
  yptr = 0x0, optr = 0x0, rq = 0x0, run_link = {prev = 0x0, next = 0x0}, time_slice = 0, pgdir = 0x0, 
  userprog_vaddr = {vaddr_bitmap = {len = 0, bits = 0x0}, vaddr_start = 0}, ready_link = {
    prev = 0x10ecf8 <proc_ready_listHead+4>, next = 0xc011209c}, all_link = {
    prev = 0x10ecec <proc_all_listHead+4>, next = 0xc01120a4}, priority = 2, ticks = 2, stack_magic = 0}
$11 = (void *) 0x0
A syntax error in expression, near `%eax'.
$12 = -1072615424
A syntax error in expression, near `%eax'.
$13 = 0xc0113000
eos_proc_run (next=0xc0112000) at kern/driver/thread.c:248
run_to () at kern/driver/switch.S:21
Item count other than 1 is meaningless in "print" command.
0xc0113f8c:	0x00101dc1	0xc011201c	0x00000030	0x01d403d4
run_to () at kern/driver/switch.S:24
run_to () at kern/driver/switch.S:33
hello1 (arg=<error reading variable: Unknown argument list address for `arg'.>) at kern/init/init.c:65
hello1 (arg=0x22) at kern/init/init.c:66

Breakpoint 3, trap_dispatch (tf=0xc0112f84) at kern/driver/idt.c:43
Continuing.

Breakpoint 3, trap_dispatch (tf=0x7b94) at kern/driver/idt.c:43
trap (tf=0x7b94) at kern/driver/idt.c:100
__alltraps () at kern/driver/trapentry.S:26
__trapret () at kern/driver/trapentry.S:32
__trapret () at kern/driver/trapentry.S:35
__trapret () at kern/driver/trapentry.S:36
__trapret () at kern/driver/trapentry.S:37
__trapret () at kern/driver/trapentry.S:38
__trapret () at kern/driver/trapentry.S:43
__trapret () at kern/driver/trapentry.S:44
dowhile () at kern/init/init.c:10
Breakpoint 1 at 0x100005: file kern/init/init.c, line 18.
Breakpoint 2 at 0x101b46: file kern/driver/thread.c, line 172.
Breakpoint 3 at 0x100872: file kern/driver/idt.c, line 43.
Breakpoint 4 at 0x100188: file kern/init/init.c, line 80.
=> 0xfff0:	add    %al,(%eax)
   0xfff2:	add    %al,(%eax)
   0xfff4:	add    %al,(%eax)
   0xfff6:	add    %al,(%eax)
   0xfff8:	add    %al,(%eax)
Continuing.

Breakpoint 1, kern_init () at kern/init/init.c:18
Continuing.

Breakpoint 2, eos_proc_start (name=0x102a3f "th1", prio=2, function=0x10013e <hello1>, func_arg=0x22)
    at kern/driver/thread.c:172
Continuing.

Breakpoint 2, eos_proc_start (name=0x102a43 "th2", prio=2, function=0x100188 <hello2>, func_arg=0x55)
    at kern/driver/thread.c:172
Continuing.

Breakpoint 3, trap_dispatch (tf=0x7b94) at kern/driver/idt.c:43
Continuing.

Breakpoint 4, hello2 (arg=<error reading variable: Unknown argument list address for `arg'.>)
    at kern/init/init.c:80
hello2 (arg=0x55) at kern/init/init.c:82
A syntax error in expression, near `%eax'.
$1 = 0x2
$2 = 0xc0113fdc
eos_do_exit (error_code=<error reading variable: Unknown argument list address for `error_code'.>)
    at kern/driver/thread.c:218
eos_do_exit (error_code=0x0) at kern/driver/thread.c:219
$3 = 0x0
$4 = 2
Breakpoint 1 at 0x100005: file kern/init/init.c, line 18.
Breakpoint 2 at 0x101b46: file kern/driver/thread.c, line 173.
Breakpoint 3 at 0x100872: file kern/driver/idt.c, line 43.
Breakpoint 4 at 0x100188: file kern/init/init.c, line 80.
=> 0xfff0:	add    %al,(%eax)
   0xfff2:	add    %al,(%eax)
   0xfff4:	add    %al,(%eax)
   0xfff6:	add    %al,(%eax)
   0xfff8:	add    %al,(%eax)
Continuing.

Breakpoint 1, kern_init () at kern/init/init.c:18
Continuing.

Breakpoint 2, eos_proc_start (name=0x102a3f "th1", prio=2, function=0x10013e <hello1>, func_arg=0x22)
    at kern/driver/thread.c:173
Continuing.

Breakpoint 2, eos_proc_start (name=0x102a43 "th2", prio=2, function=0x100188 <hello2>, func_arg=0x55)
    at kern/driver/thread.c:173
Continuing.

Breakpoint 3, trap_dispatch (tf=0x7b94) at kern/driver/idt.c:43
Continuing.

Breakpoint 4, hello2 (arg=<error reading variable: Unknown argument list address for `arg'.>)
    at kern/init/init.c:80
hello2 (arg=0x55) at kern/init/init.c:82
exit_entey () at kern/driver/entry.S:10
$1 = 0x10233d
$2 = 0xc0113ffc
$3 = 0xc0113ff8
eos_do_exit (error_code=<error reading variable: Unknown argument list address for `error_code'.>)
    at kern/driver/thread.c:219
$4 = 0xc0113ff4
eos_do_exit (error_code=0x2) at kern/driver/thread.c:220
$5 = (void *) 0x2

Breakpoint 3, trap_dispatch (tf=0xc0112f98) at kern/driver/idt.c:43
trap (tf=0xc0112f98) at kern/driver/idt.c:100
__alltraps () at kern/driver/trapentry.S:26
__trapret () at kern/driver/trapentry.S:32
__trapret () at kern/driver/trapentry.S:35
__trapret () at kern/driver/trapentry.S:36
__trapret () at kern/driver/trapentry.S:37
__trapret () at kern/driver/trapentry.S:38
__trapret () at kern/driver/trapentry.S:43
__trapret () at kern/driver/trapentry.S:44
hello1 (arg=0x22) at kern/init/init.c:68

Breakpoint 3, trap_dispatch (tf=0xc0112f84) at kern/driver/idt.c:43
trap (tf=0xc0112f84) at kern/driver/idt.c:100
__alltraps () at kern/driver/trapentry.S:26
__trapret () at kern/driver/trapentry.S:32
__trapret () at kern/driver/trapentry.S:35
__trapret () at kern/driver/trapentry.S:36
__trapret () at kern/driver/trapentry.S:37
__trapret () at kern/driver/trapentry.S:38
__trapret () at kern/driver/trapentry.S:43
__trapret () at kern/driver/trapentry.S:44
default_putStr (str=0x102a47 "thread1 ") at kern/vga/vga.c:105

Breakpoint 3, trap_dispatch (tf=0xc0112f6c) at kern/driver/idt.c:43
Continuing.

Breakpoint 3, trap_dispatch (tf=0x7b94) at kern/driver/idt.c:43
Breakpoint 1 at 0x100013: file kern/init/init.c, line 18.
Breakpoint 2 at 0x101e61: file kern/driver/thread.c, line 173.
Breakpoint 3 at 0x100a44: file kern/driver/idt.c, line 43.
Breakpoint 4 at 0x1001f8: file kern/init/init.c, line 80.
=> 0xfff0:	add    %al,(%eax)
   0xfff2:	add    %al,(%eax)
   0xfff4:	add    %al,(%eax)
   0xfff6:	add    %al,(%eax)
   0xfff8:	add    %al,(%eax)
Continuing.

Breakpoint 1, kern_init () at kern/init/init.c:18
0x00100261 in __x86.get_pc_thunk.bx ()
Single stepping until exit from function __x86.get_pc_thunk.bx,
which has no line number information.
kern_init () at kern/init/init.c:22
default_putStr (str=0x1036e0 "etext: ") at kern/vga/vga.c:105
0x0010025d in __x86.get_pc_thunk.ax ()
Single stepping until exit from function __x86.get_pc_thunk.ax,
which has no line number information.
default_putStr (
    str=0x100570 <default_clearScreen+49> "\203\304\b\203E\374\001\201}\374\317\a") at kern/vga/vga.c:107
getCursorSite () at kern/vga/vga.c:25
0x0010025d in __x86.get_pc_thunk.ax ()
Single stepping until exit from function __x86.get_pc_thunk.ax,
which has no line number information.
getCursorSite () at kern/vga/vga.c:27
Undefined command: "fisnhish".  Try "help".
Run till exit from #0  getCursorSite () at boot/x86.h:56

Breakpoint 2, eos_proc_start (name=0x1036ff "th1", prio=2, 
    function=0x100193 <hello1>, func_arg=0x22) at kern/driver/thread.c:173
0x00100261 in __x86.get_pc_thunk.bx ()
Single stepping until exit from function __x86.get_pc_thunk.bx,
which has no line number information.
eos_proc_start (name=0x111454 "", prio=1121580, 
    function=0x111d2c <proc_all_listHead+4>, func_arg=0x70a4)
    at kern/driver/thread.c:175
get_kernel_pages (pg_cnt=1) at kern/driver/memory.c:273
0x00100261 in __x86.get_pc_thunk.bx ()
Single stepping until exit from function __x86.get_pc_thunk.bx,
which has no line number information.
get_kernel_pages (pg_cnt=0) at kern/driver/memory.c:276
malloc_kernel_page (pg_cnt=1) at kern/driver/memory.c:239
0x00100261 in __x86.get_pc_thunk.bx ()
Single stepping until exit from function __x86.get_pc_thunk.bx,
which has no line number information.
malloc_kernel_page (pg_cnt=1119316) at kern/driver/memory.c:246
vaddr_kernel_get (pg_cnt=1) at kern/driver/memory.c:106
0x00100261 in __x86.get_pc_thunk.bx ()
Single stepping until exit from function __x86.get_pc_thunk.bx,
which has no line number information.
vaddr_kernel_get (pg_cnt=31528) at kern/driver/memory.c:107
bitmap_scan (btmp=0x111d58 <kernel_vaddr>, cnt=1) at kern/driver/bitmap.c:17
0x0010025d in __x86.get_pc_thunk.ax ()
Single stepping until exit from function __x86.get_pc_thunk.ax,
which has no line number information.
bitmap_scan (btmp=0x0, cnt=0) at kern/driver/bitmap.c:19
vaddr_kernel_get (pg_cnt=1) at kern/driver/memory.c:113
bitmap_set (btmp=0x111d58 <kernel_vaddr>, bit_idx=1, value=0 '\000')
    at kern/driver/bitmap.c:66
0x0010025d in __x86.get_pc_thunk.ax ()
Single stepping until exit from function __x86.get_pc_thunk.ax,
which has no line number information.
bitmap_set (btmp=0x0, bit_idx=1, value=0 '\000') at kern/driver/bitmap.c:68
vaddr_kernel_get (pg_cnt=1) at kern/driver/memory.c:116
$1 = 1121624
Continuing.

Breakpoint 2, eos_proc_start (name=0x103703 "th2", prio=2, 
    function=0x1001f8 <hello2>, func_arg=0x55) at kern/driver/thread.c:173
Continuing.

Breakpoint 3, trap_dispatch (tf=0x7b88) at kern/driver/idt.c:43
Continuing.

Breakpoint 4, hello2 (
    arg=<error reading variable: Unknown argument list address for `arg'.>)
    at kern/init/init.c:80
0x00100261 in __x86.get_pc_thunk.bx ()
Single stepping until exit from function __x86.get_pc_thunk.bx,
which has no line number information.
hello2 (arg=0x0) at kern/init/init.c:81
default_putStr (str=0x103711 "\nthread2 ") at kern/vga/vga.c:105
Continuing.

Breakpoint 3, trap_dispatch (tf=0xc0116f84) at kern/driver/idt.c:43
Continuing.

Breakpoint 3, trap_dispatch (tf=0xc0116f84) at kern/driver/idt.c:43
Continuing.

Breakpoint 3, trap_dispatch (tf=0x7b84) at kern/driver/idt.c:43
Continuing.

Breakpoint 3, trap_dispatch (tf=0x7b84) at kern/driver/idt.c:43
Breakpoint 1 at 0x100013: file kern/init/init.c, line 18.
Breakpoint 2 at 0x101e61: file kern/driver/thread.c, line 173.
Breakpoint 3 at 0x100a44: file kern/driver/idt.c, line 43.
Breakpoint 4 at 0x1001f8: file kern/init/init.c, line 80.
=> 0xfff0:	add    %al,(%eax)
   0xfff2:	add    %al,(%eax)
   0xfff4:	add    %al,(%eax)
   0xfff6:	add    %al,(%eax)
   0xfff8:	add    %al,(%eax)
Continuing.

Breakpoint 1, kern_init () at kern/init/init.c:18
